Started GET "/" for 127.0.0.1 at 2017-07-12 16:26:43 +0800
Processing by Rails::WelcomeController#index as HTML
  Parameters: {"internal"=>true}
  Rendering /Users/popsical/.rvm/gems/ruby-2.3.3/gems/railties-5.0.4/lib/rails/templates/rails/welcome/index.html.erb
  Rendered /Users/popsical/.rvm/gems/ruby-2.3.3/gems/railties-5.0.4/lib/rails/templates/rails/welcome/index.html.erb (5.4ms)
Completed 200 OK in 22ms (Views: 10.5ms | ActiveRecord: 0.0ms)


Started GET "/" for 127.0.0.1 at 2017-07-12 16:38:16 +0800
Processing by DashboardController#index as HTML
  Rendering dashboard/index.html.erb within layouts/application
  Rendered dashboard/index.html.erb within layouts/application (1.1ms)
Completed 500 Internal Server Error in 250ms (ActiveRecord: 0.0ms)


  
ActionView::Template::Error (couldn't find file 'angular' with type 'application/javascript'
Checked in these paths: 
  /Users/popsical/Documents/git/rails_angular/rails_angular/app/assets/config
  /Users/popsical/Documents/git/rails_angular/rails_angular/app/assets/images
  /Users/popsical/Documents/git/rails_angular/rails_angular/app/assets/javascripts
  /Users/popsical/Documents/git/rails_angular/rails_angular/app/assets/stylesheets
  /Users/popsical/.rvm/gems/ruby-2.3.3/gems/actioncable-5.0.4/lib/assets/compiled
  /Users/popsical/Documents/git/rails_angular/rails_angular/vendor/assets/bower_components
  /Users/popsical/Documents/git/rails_angular/rails_angular/node_modules):
    4:     <title>RailsAngular</title>
    5:     <%= csrf_meta_tags %>
    6: 
    7:     <%= stylesheet_link_tag    'application', media: 'all' %>
    8:     <%= javascript_include_tag 'application' %>
    9:   </head>
   10: 
  
app/assets/javascripts/application.js:1
app/views/layouts/application.html.erb:7:in `_app_views_layouts_application_html_erb___158651243709647464_70339118822940'
  Rendering /Users/popsical/.rvm/gems/ruby-2.3.3/gems/actionpack-5.0.4/lib/action_dispatch/middleware/templates/rescues/template_error.html.erb within rescues/layout
  Rendering /Users/popsical/.rvm/gems/ruby-2.3.3/gems/actionpack-5.0.4/lib/action_dispatch/middleware/templates/rescues/_source.html.erb
  Rendered /Users/popsical/.rvm/gems/ruby-2.3.3/gems/actionpack-5.0.4/lib/action_dispatch/middleware/templates/rescues/_source.html.erb (6.4ms)
  Rendering /Users/popsical/.rvm/gems/ruby-2.3.3/gems/actionpack-5.0.4/lib/action_dispatch/middleware/templates/rescues/_trace.html.erb
  Rendered /Users/popsical/.rvm/gems/ruby-2.3.3/gems/actionpack-5.0.4/lib/action_dispatch/middleware/templates/rescues/_trace.html.erb (3.3ms)
  Rendering /Users/popsical/.rvm/gems/ruby-2.3.3/gems/actionpack-5.0.4/lib/action_dispatch/middleware/templates/rescues/_request_and_response.html.erb
  Rendered /Users/popsical/.rvm/gems/ruby-2.3.3/gems/actionpack-5.0.4/lib/action_dispatch/middleware/templates/rescues/_request_and_response.html.erb (0.9ms)
  Rendered /Users/popsical/.rvm/gems/ruby-2.3.3/gems/actionpack-5.0.4/lib/action_dispatch/middleware/templates/rescues/template_error.html.erb within rescues/layout (64.0ms)
Started GET "/" for 127.0.0.1 at 2017-07-12 16:39:37 +0800
Processing by DashboardController#index as HTML
  Rendering dashboard/index.html.erb within layouts/application
  Rendered dashboard/index.html.erb within layouts/application (0.4ms)
Completed 500 Internal Server Error in 12ms (ActiveRecord: 0.0ms)


  
ActionView::Template::Error (couldn't find file 'angular' with type 'application/javascript'
Checked in these paths: 
  /Users/popsical/Documents/git/rails_angular/rails_angular/app/assets/config
  /Users/popsical/Documents/git/rails_angular/rails_angular/app/assets/images
  /Users/popsical/Documents/git/rails_angular/rails_angular/app/assets/javascripts
  /Users/popsical/Documents/git/rails_angular/rails_angular/app/assets/stylesheets
  /Users/popsical/.rvm/gems/ruby-2.3.3/gems/actioncable-5.0.4/lib/assets/compiled
  /Users/popsical/Documents/git/rails_angular/rails_angular/vendor/assets/bower_components
  /Users/popsical/Documents/git/rails_angular/rails_angular/node_modules):
    4:     <title>RailsAngular</title>
    5:     <%= csrf_meta_tags %>
    6: 
    7:     <%= stylesheet_link_tag    'application', media: 'all' %>
    8:     <%= javascript_include_tag 'application' %>
    9:   </head>
   10: 
  
app/assets/javascripts/application.js:1
app/views/layouts/application.html.erb:7:in `_app_views_layouts_application_html_erb___158651243709647464_70339130400260'
  Rendering /Users/popsical/.rvm/gems/ruby-2.3.3/gems/actionpack-5.0.4/lib/action_dispatch/middleware/templates/rescues/template_error.html.erb within rescues/layout
  Rendering /Users/popsical/.rvm/gems/ruby-2.3.3/gems/actionpack-5.0.4/lib/action_dispatch/middleware/templates/rescues/_source.html.erb
  Rendered /Users/popsical/.rvm/gems/ruby-2.3.3/gems/actionpack-5.0.4/lib/action_dispatch/middleware/templates/rescues/_source.html.erb (5.0ms)
  Rendering /Users/popsical/.rvm/gems/ruby-2.3.3/gems/actionpack-5.0.4/lib/action_dispatch/middleware/templates/rescues/_trace.html.erb
  Rendered /Users/popsical/.rvm/gems/ruby-2.3.3/gems/actionpack-5.0.4/lib/action_dispatch/middleware/templates/rescues/_trace.html.erb (1.8ms)
  Rendering /Users/popsical/.rvm/gems/ruby-2.3.3/gems/actionpack-5.0.4/lib/action_dispatch/middleware/templates/rescues/_request_and_response.html.erb
  Rendered /Users/popsical/.rvm/gems/ruby-2.3.3/gems/actionpack-5.0.4/lib/action_dispatch/middleware/templates/rescues/_request_and_response.html.erb (0.6ms)
  Rendered /Users/popsical/.rvm/gems/ruby-2.3.3/gems/actionpack-5.0.4/lib/action_dispatch/middleware/templates/rescues/template_error.html.erb within rescues/layout (47.7ms)
Started GET "/" for 127.0.0.1 at 2017-07-12 16:39:39 +0800
Processing by DashboardController#index as HTML
  Rendering dashboard/index.html.erb within layouts/application
  Rendered dashboard/index.html.erb within layouts/application (1.5ms)
Completed 500 Internal Server Error in 24ms (ActiveRecord: 0.0ms)


  
ActionView::Template::Error (couldn't find file 'angular' with type 'application/javascript'
Checked in these paths: 
  /Users/popsical/Documents/git/rails_angular/rails_angular/app/assets/config
  /Users/popsical/Documents/git/rails_angular/rails_angular/app/assets/images
  /Users/popsical/Documents/git/rails_angular/rails_angular/app/assets/javascripts
  /Users/popsical/Documents/git/rails_angular/rails_angular/app/assets/stylesheets
  /Users/popsical/.rvm/gems/ruby-2.3.3/gems/actioncable-5.0.4/lib/assets/compiled
  /Users/popsical/Documents/git/rails_angular/rails_angular/vendor/assets/bower_components
  /Users/popsical/Documents/git/rails_angular/rails_angular/node_modules):
    4:     <title>RailsAngular</title>
    5:     <%= csrf_meta_tags %>
    6: 
    7:     <%= stylesheet_link_tag    'application', media: 'all' %>
    8:     <%= javascript_include_tag 'application' %>
    9:   </head>
   10: 
  
app/assets/javascripts/application.js:1
app/views/layouts/application.html.erb:7:in `_app_views_layouts_application_html_erb___158651243709647464_70339152875660'
  Rendering /Users/popsical/.rvm/gems/ruby-2.3.3/gems/actionpack-5.0.4/lib/action_dispatch/middleware/templates/rescues/template_error.html.erb within rescues/layout
  Rendering /Users/popsical/.rvm/gems/ruby-2.3.3/gems/actionpack-5.0.4/lib/action_dispatch/middleware/templates/rescues/_source.html.erb
  Rendered /Users/popsical/.rvm/gems/ruby-2.3.3/gems/actionpack-5.0.4/lib/action_dispatch/middleware/templates/rescues/_source.html.erb (5.6ms)
  Rendering /Users/popsical/.rvm/gems/ruby-2.3.3/gems/actionpack-5.0.4/lib/action_dispatch/middleware/templates/rescues/_trace.html.erb
  Rendered /Users/popsical/.rvm/gems/ruby-2.3.3/gems/actionpack-5.0.4/lib/action_dispatch/middleware/templates/rescues/_trace.html.erb (2.0ms)
  Rendering /Users/popsical/.rvm/gems/ruby-2.3.3/gems/actionpack-5.0.4/lib/action_dispatch/middleware/templates/rescues/_request_and_response.html.erb
  Rendered /Users/popsical/.rvm/gems/ruby-2.3.3/gems/actionpack-5.0.4/lib/action_dispatch/middleware/templates/rescues/_request_and_response.html.erb (0.6ms)
  Rendered /Users/popsical/.rvm/gems/ruby-2.3.3/gems/actionpack-5.0.4/lib/action_dispatch/middleware/templates/rescues/template_error.html.erb within rescues/layout (49.0ms)
Started GET "/" for 127.0.0.1 at 2017-07-12 16:43:17 +0800
Processing by DashboardController#index as HTML
  Rendering dashboard/index.html.erb within layouts/application
  Rendered dashboard/index.html.erb within layouts/application (1.3ms)
Completed 200 OK in 905ms (Views: 903.1ms | ActiveRecord: 0.0ms)


Started GET "/" for 127.0.0.1 at 2017-07-12 16:44:49 +0800
Processing by DashboardController#index as HTML
  Rendering dashboard/index.html.erb within layouts/application
  Rendered dashboard/index.html.erb within layouts/application (0.4ms)
Completed 200 OK in 34ms (Views: 30.0ms | ActiveRecord: 0.0ms)


Started GET "/" for 127.0.0.1 at 2017-07-12 16:45:01 +0800
Processing by DashboardController#index as HTML
  Rendering dashboard/index.html.erb within layouts/application
  Rendered dashboard/index.html.erb within layouts/application (0.5ms)
Completed 200 OK in 36ms (Views: 34.2ms | ActiveRecord: 0.0ms)


Started GET "/" for 127.0.0.1 at 2017-07-12 16:59:43 +0800
Processing by DashboardController#index as HTML
  Rendering dashboard/index.html.erb within layouts/application
  Rendered dashboard/index.html.erb within layouts/application (0.5ms)
Completed 200 OK in 225ms (Views: 222.3ms | ActiveRecord: 0.0ms)


Started GET "/" for 127.0.0.1 at 2017-07-12 17:01:51 +0800
Processing by DashboardController#index as HTML
  Rendering dashboard/index.html.erb within layouts/application
  Rendered dashboard/index.html.erb within layouts/application (0.5ms)
Completed 200 OK in 57ms (Views: 54.5ms | ActiveRecord: 0.0ms)


Started GET "/" for 127.0.0.1 at 2017-07-12 17:03:05 +0800
Processing by DashboardController#index as HTML
  Rendering dashboard/index.html.erb within layouts/application
  Rendered dashboard/index.html.erb within layouts/application (0.5ms)
Completed 200 OK in 38ms (Views: 36.2ms | ActiveRecord: 0.0ms)


Started GET "/" for 127.0.0.1 at 2017-07-12 17:03:54 +0800
Processing by DashboardController#index as HTML
  Rendering dashboard/index.html.erb within layouts/application
  Rendered dashboard/index.html.erb within layouts/application (0.4ms)
Completed 200 OK in 41ms (Views: 39.0ms | ActiveRecord: 0.0ms)


Started GET "/" for 127.0.0.1 at 2017-07-12 17:03:55 +0800
Processing by DashboardController#index as HTML
  Rendering dashboard/index.html.erb within layouts/application
  Rendered dashboard/index.html.erb within layouts/application (0.9ms)
Completed 200 OK in 45ms (Views: 41.9ms | ActiveRecord: 0.0ms)


Started GET "/" for 127.0.0.1 at 2017-07-12 17:04:12 +0800
Processing by DashboardController#index as HTML
  Rendering dashboard/index.html.erb within layouts/application
  Rendered dashboard/index.html.erb within layouts/application (0.4ms)
Completed 200 OK in 34ms (Views: 33.0ms | ActiveRecord: 0.0ms)


Started GET "/" for 127.0.0.1 at 2017-07-12 17:05:22 +0800
Processing by DashboardController#index as HTML
  Rendering dashboard/index.html.erb within layouts/application
  Rendered dashboard/index.html.erb within layouts/application (0.5ms)
Completed 200 OK in 215ms (Views: 212.4ms | ActiveRecord: 0.0ms)


Started GET "/" for 127.0.0.1 at 2017-07-12 17:05:24 +0800
Processing by DashboardController#index as HTML
  Rendering dashboard/index.html.erb within layouts/application
  Rendered dashboard/index.html.erb within layouts/application (0.8ms)
Completed 200 OK in 29ms (Views: 25.4ms | ActiveRecord: 0.0ms)


Started GET "/" for 127.0.0.1 at 2017-07-12 17:08:59 +0800
Processing by DashboardController#index as HTML
  Rendering dashboard/index.html.erb within layouts/application
  Rendered dashboard/index.html.erb within layouts/application (0.5ms)
Completed 200 OK in 26ms (Views: 23.5ms | ActiveRecord: 0.0ms)


Started GET "/" for 127.0.0.1 at 2017-07-12 17:09:16 +0800
Processing by DashboardController#index as HTML
  Rendering dashboard/index.html.erb within layouts/application
  Rendered dashboard/index.html.erb within layouts/application (0.6ms)
Completed 200 OK in 26ms (Views: 24.0ms | ActiveRecord: 0.0ms)


Started GET "/" for 127.0.0.1 at 2017-07-12 17:09:25 +0800
Processing by DashboardController#index as HTML
  Rendering dashboard/index.html.erb within layouts/application
  Rendered dashboard/index.html.erb within layouts/application (1.0ms)
Completed 200 OK in 540ms (Views: 537.6ms | ActiveRecord: 0.0ms)


Started GET "/" for 127.0.0.1 at 2017-07-12 17:13:51 +0800
Processing by DashboardController#index as HTML
  Rendering dashboard/index.html.erb within layouts/application
  Rendered dashboard/index.html.erb within layouts/application (1.0ms)
Completed 200 OK in 34ms (Views: 31.0ms | ActiveRecord: 0.0ms)


Started GET "/" for 127.0.0.1 at 2017-07-12 17:16:49 +0800
Processing by DashboardController#index as HTML
  Rendering dashboard/index.html.erb within layouts/application
  Rendered dashboard/index.html.erb within layouts/application (1.3ms)
Completed 200 OK in 377ms (Views: 374.7ms | ActiveRecord: 0.0ms)


Started GET "/" for 127.0.0.1 at 2017-07-12 17:17:46 +0800
Processing by DashboardController#index as HTML
  Rendering dashboard/index.html.erb within layouts/application
  Rendered dashboard/index.html.erb within layouts/application (0.9ms)
Completed 200 OK in 23ms (Views: 21.2ms | ActiveRecord: 0.0ms)


Started GET "/" for 127.0.0.1 at 2017-07-12 17:18:38 +0800
Processing by DashboardController#index as HTML
  Rendering dashboard/index.html.erb within layouts/application
  Rendered dashboard/index.html.erb within layouts/application (0.5ms)
Completed 200 OK in 25ms (Views: 22.9ms | ActiveRecord: 0.0ms)


Started GET "/" for 127.0.0.1 at 2017-07-12 17:20:50 +0800
Processing by DashboardController#index as HTML
  Rendering dashboard/index.html.erb within layouts/application
  Rendered dashboard/index.html.erb within layouts/application (0.4ms)
Completed 200 OK in 36ms (Views: 34.2ms | ActiveRecord: 0.0ms)


Started GET "/" for 127.0.0.1 at 2017-07-12 17:37:24 +0800
Processing by DashboardController#index as HTML
  Rendering dashboard/index.html.erb within layouts/application
  Rendered dashboard/index.html.erb within layouts/application (0.8ms)
Completed 200 OK in 37ms (Views: 34.3ms | ActiveRecord: 0.0ms)


Started GET "/" for 127.0.0.1 at 2017-07-12 17:38:19 +0800
Processing by DashboardController#index as HTML
  Rendering dashboard/index.html.erb within layouts/application
  Rendered dashboard/index.html.erb within layouts/application (1.1ms)
Completed 200 OK in 35ms (Views: 33.1ms | ActiveRecord: 0.0ms)


Started GET "/" for 127.0.0.1 at 2017-07-12 17:53:19 +0800
Processing by DashboardController#index as HTML
  Rendering dashboard/index.html.erb within layouts/application
  Rendered dashboard/index.html.erb within layouts/application (1.0ms)
Completed 200 OK in 31ms (Views: 29.2ms | ActiveRecord: 0.0ms)


Started GET "/" for 127.0.0.1 at 2017-07-12 17:57:27 +0800
Processing by DashboardController#index as HTML
  Rendering dashboard/index.html.erb within layouts/application
  Rendered dashboard/index.html.erb within layouts/application (0.4ms)
Completed 200 OK in 27ms (Views: 25.9ms | ActiveRecord: 0.0ms)


Started GET "/" for 127.0.0.1 at 2017-07-12 17:58:10 +0800
Processing by DashboardController#index as HTML
  Rendering dashboard/index.html.erb within layouts/application
  Rendered dashboard/index.html.erb within layouts/application (0.5ms)
Completed 200 OK in 27ms (Views: 25.5ms | ActiveRecord: 0.0ms)


Started GET "/" for 127.0.0.1 at 2017-07-12 17:58:14 +0800
Processing by DashboardController#index as HTML
  Rendering dashboard/index.html.erb within layouts/application
  Rendered dashboard/index.html.erb within layouts/application (1.2ms)
Completed 200 OK in 24ms (Views: 22.3ms | ActiveRecord: 0.0ms)


Started GET "/" for 127.0.0.1 at 2017-07-12 17:58:17 +0800
Processing by DashboardController#index as HTML
  Rendering dashboard/index.html.erb within layouts/application
  Rendered dashboard/index.html.erb within layouts/application (0.4ms)
Completed 200 OK in 25ms (Views: 23.0ms | ActiveRecord: 0.0ms)


  [1m[35m (1.6ms)[0m  [1m[35mCREATE TABLE "schema_migrations" ("version" varchar NOT NULL PRIMARY KEY)[0m
  [1m[35m (1.1ms)[0m  [1m[35mCREATE TABLE "ar_internal_metadata" ("key" varchar NOT NULL PRIMARY KEY, "value" varchar, "created_at" datetime NOT NULL, "updated_at" datetime NOT NULL)[0m
  [1m[36mActiveRecord::SchemaMigration Load (0.1ms)[0m  [1m[34mSELECT "schema_migrations".* FROM "schema_migrations"[0m
Migrating to CreateEvents (20170713035925)
  [1m[35m (0.1ms)[0m  [1m[36mbegin transaction[0m
  [1m[35m (0.3ms)[0m  [1m[35mCREATE TABLE "events" ("id" INTEGER PRIMARY KEY AUTOINCREMENT NOT NULL, "event" varchar, "name" varchar, "event_date" date, "description" text, "place" varchar, "created_at" datetime NOT NULL, "updated_at" datetime NOT NULL)[0m
  [1m[35mSQL (0.1ms)[0m  [1m[32mINSERT INTO "schema_migrations" ("version") VALUES (?)[0m  [["version", "20170713035925"]]
  [1m[35m (1.2ms)[0m  [1m[36mcommit transaction[0m
  [1m[36mActiveRecord::InternalMetadata Load (0.1ms)[0m  [1m[34mSELECT  "ar_internal_metadata".* FROM "ar_internal_metadata" WHERE "ar_internal_metadata"."key" = ? LIMIT ?[0m  [["key", "environment"], ["LIMIT", 1]]
  [1m[35m (0.1ms)[0m  [1m[36mbegin transaction[0m
  [1m[35mSQL (0.3ms)[0m  [1m[32mINSERT INTO "ar_internal_metadata" ("key", "value", "created_at", "updated_at") VALUES (?, ?, ?, ?)[0m  [["key", "environment"], ["value", "development"], ["created_at", "2017-07-13 03:59:31.417214"], ["updated_at", "2017-07-13 03:59:31.417214"]]
  [1m[35m (0.9ms)[0m  [1m[36mcommit transaction[0m
  [1m[36mActiveRecord::SchemaMigration Load (0.1ms)[0m  [1m[34mSELECT "schema_migrations".* FROM "schema_migrations"[0m
  [1m[36mActiveRecord::SchemaMigration Load (0.3ms)[0m  [1m[34mSELECT "schema_migrations".* FROM "schema_migrations"[0m
  [1m[35m (0.2ms)[0m  [1m[34mSELECT "ar_internal_metadata"."value" FROM "ar_internal_metadata" WHERE "ar_internal_metadata"."key" = ?[0m  [["key", "environment"]]
  [1m[36mActiveRecord::SchemaMigration Load (0.0ms)[0m  [1m[34mSELECT "schema_migrations".* FROM "schema_migrations"[0m
  [1m[35m (0.1ms)[0m  [1m[34mSELECT "ar_internal_metadata"."value" FROM "ar_internal_metadata" WHERE "ar_internal_metadata"."key" = ?[0m  [["key", "environment"]]
  [1m[36mActiveRecord::SchemaMigration Load (0.1ms)[0m  [1m[34mSELECT "schema_migrations".* FROM "schema_migrations"[0m
  [1m[35m (0.1ms)[0m  [1m[34mSELECT "ar_internal_metadata"."value" FROM "ar_internal_metadata" WHERE "ar_internal_metadata"."key" = ?[0m  [["key", "environment"]]
DEPRECATION WARNING: Passing #original_exception is deprecated and has no effect. Exceptions will automatically capture the original exception. (called from load at /Users/popsical/.rvm/gems/ruby-2.3.3/bin/rake:22)
  [1m[35m (3.1ms)[0m  [1m[35mCREATE TABLE "schema_migrations" ("version" varchar NOT NULL PRIMARY KEY)[0m
  [1m[35m (1.2ms)[0m  [1m[35mCREATE TABLE "ar_internal_metadata" ("key" varchar NOT NULL PRIMARY KEY, "value" varchar, "created_at" datetime NOT NULL, "updated_at" datetime NOT NULL)[0m
  [1m[36mActiveRecord::SchemaMigration Load (0.2ms)[0m  [1m[34mSELECT "schema_migrations".* FROM "schema_migrations"[0m
Migrating to CreateEvents (20170713040209)
  [1m[35m (0.1ms)[0m  [1m[36mbegin transaction[0m
  [1m[35m (0.5ms)[0m  [1m[35mCREATE TABLE "events" ("id" INTEGER PRIMARY KEY AUTOINCREMENT NOT NULL, "name" varchar, "event_date" date, "description" text, "place" varchar, "created_at" datetime NOT NULL, "updated_at" datetime NOT NULL)[0m
  [1m[35mSQL (0.5ms)[0m  [1m[32mINSERT INTO "schema_migrations" ("version") VALUES (?)[0m  [["version", "20170713040209"]]
  [1m[35m (1.8ms)[0m  [1m[36mcommit transaction[0m
  [1m[36mActiveRecord::InternalMetadata Load (0.1ms)[0m  [1m[34mSELECT  "ar_internal_metadata".* FROM "ar_internal_metadata" WHERE "ar_internal_metadata"."key" = ? LIMIT ?[0m  [["key", "environment"], ["LIMIT", 1]]
  [1m[35m (0.1ms)[0m  [1m[36mbegin transaction[0m
  [1m[35mSQL (0.3ms)[0m  [1m[32mINSERT INTO "ar_internal_metadata" ("key", "value", "created_at", "updated_at") VALUES (?, ?, ?, ?)[0m  [["key", "environment"], ["value", "development"], ["created_at", "2017-07-13 04:02:15.114992"], ["updated_at", "2017-07-13 04:02:15.114992"]]
  [1m[35m (1.0ms)[0m  [1m[36mcommit transaction[0m
  [1m[36mActiveRecord::SchemaMigration Load (0.1ms)[0m  [1m[34mSELECT "schema_migrations".* FROM "schema_migrations"[0m
  [1m[36mActiveRecord::SchemaMigration Load (0.2ms)[0m  [1m[34mSELECT "schema_migrations".* FROM "schema_migrations"[0m
  [1m[35m (0.1ms)[0m  [1m[36mbegin transaction[0m
  [1m[35mSQL (0.6ms)[0m  [1m[32mINSERT INTO "events" ("name", "event_date", "description", "place", "created_at", "updated_at") VALUES (?, ?, ?, ?, ?, ?)[0m  [["name", "Event 1"], ["event_date", "2017-08-13"], ["description", "It's sample event with number 1"], ["place", "Random place number 1"], ["created_at", "2017-07-13 04:06:01.546416"], ["updated_at", "2017-07-13 04:06:01.546416"]]
  [1m[35m (1.4ms)[0m  [1m[36mcommit transaction[0m
  [1m[35m (0.1ms)[0m  [1m[36mbegin transaction[0m
  [1m[35mSQL (0.4ms)[0m  [1m[32mINSERT INTO "events" ("name", "event_date", "description", "place", "created_at", "updated_at") VALUES (?, ?, ?, ?, ?, ?)[0m  [["name", "Event 2"], ["event_date", "2017-07-13"], ["description", "It's sample event with number 2"], ["place", "Random place number 2"], ["created_at", "2017-07-13 04:06:01.551175"], ["updated_at", "2017-07-13 04:06:01.551175"]]
  [1m[35m (0.9ms)[0m  [1m[36mcommit transaction[0m
  [1m[35m (0.1ms)[0m  [1m[36mbegin transaction[0m
  [1m[35mSQL (0.2ms)[0m  [1m[32mINSERT INTO "events" ("name", "event_date", "description", "place", "created_at", "updated_at") VALUES (?, ?, ?, ?, ?, ?)[0m  [["name", "Event 3"], ["event_date", "2017-07-13"], ["description", "It's sample event with number 3"], ["place", "Random place number 3"], ["created_at", "2017-07-13 04:06:01.554702"], ["updated_at", "2017-07-13 04:06:01.554702"]]
  [1m[35m (1.3ms)[0m  [1m[36mcommit transaction[0m
  [1m[35m (0.1ms)[0m  [1m[36mbegin transaction[0m
  [1m[35mSQL (0.3ms)[0m  [1m[32mINSERT INTO "events" ("name", "event_date", "description", "place", "created_at", "updated_at") VALUES (?, ?, ?, ?, ?, ?)[0m  [["name", "Event 4"], ["event_date", "2017-08-13"], ["description", "It's sample event with number 4"], ["place", "Random place number 4"], ["created_at", "2017-07-13 04:06:01.557405"], ["updated_at", "2017-07-13 04:06:01.557405"]]
  [1m[35m (0.6ms)[0m  [1m[36mcommit transaction[0m
  [1m[35m (0.1ms)[0m  [1m[36mbegin transaction[0m
  [1m[35mSQL (0.3ms)[0m  [1m[32mINSERT INTO "events" ("name", "event_date", "description", "place", "created_at", "updated_at") VALUES (?, ?, ?, ?, ?, ?)[0m  [["name", "Event 5"], ["event_date", "2017-08-13"], ["description", "It's sample event with number 5"], ["place", "Random place number 5"], ["created_at", "2017-07-13 04:06:01.560279"], ["updated_at", "2017-07-13 04:06:01.560279"]]
  [1m[35m (0.6ms)[0m  [1m[36mcommit transaction[0m
  [1m[35m (0.1ms)[0m  [1m[36mbegin transaction[0m
  [1m[35mSQL (0.4ms)[0m  [1m[32mINSERT INTO "events" ("name", "event_date", "description", "place", "created_at", "updated_at") VALUES (?, ?, ?, ?, ?, ?)[0m  [["name", "Event 6"], ["event_date", "2017-09-13"], ["description", "It's sample event with number 6"], ["place", "Random place number 6"], ["created_at", "2017-07-13 04:06:01.562853"], ["updated_at", "2017-07-13 04:06:01.562853"]]
  [1m[35m (0.6ms)[0m  [1m[36mcommit transaction[0m
  [1m[35m (0.2ms)[0m  [1m[36mbegin transaction[0m
  [1m[35mSQL (0.3ms)[0m  [1m[32mINSERT INTO "events" ("name", "event_date", "description", "place", "created_at", "updated_at") VALUES (?, ?, ?, ?, ?, ?)[0m  [["name", "Event 7"], ["event_date", "2017-07-13"], ["description", "It's sample event with number 7"], ["place", "Random place number 7"], ["created_at", "2017-07-13 04:06:01.565991"], ["updated_at", "2017-07-13 04:06:01.565991"]]
  [1m[35m (0.7ms)[0m  [1m[36mcommit transaction[0m
  [1m[35m (0.1ms)[0m  [1m[36mbegin transaction[0m
  [1m[35mSQL (0.3ms)[0m  [1m[32mINSERT INTO "events" ("name", "event_date", "description", "place", "created_at", "updated_at") VALUES (?, ?, ?, ?, ?, ?)[0m  [["name", "Event 8"], ["event_date", "2017-08-13"], ["description", "It's sample event with number 8"], ["place", "Random place number 8"], ["created_at", "2017-07-13 04:06:01.568661"], ["updated_at", "2017-07-13 04:06:01.568661"]]
  [1m[35m (1.0ms)[0m  [1m[36mcommit transaction[0m
  [1m[35m (0.0ms)[0m  [1m[36mbegin transaction[0m
  [1m[35mSQL (0.2ms)[0m  [1m[32mINSERT INTO "events" ("name", "event_date", "description", "place", "created_at", "updated_at") VALUES (?, ?, ?, ?, ?, ?)[0m  [["name", "Event 9"], ["event_date", "2017-09-13"], ["description", "It's sample event with number 9"], ["place", "Random place number 9"], ["created_at", "2017-07-13 04:06:01.571769"], ["updated_at", "2017-07-13 04:06:01.571769"]]
  [1m[35m (1.1ms)[0m  [1m[36mcommit transaction[0m
  [1m[35m (0.1ms)[0m  [1m[36mbegin transaction[0m
  [1m[35mSQL (0.4ms)[0m  [1m[32mINSERT INTO "events" ("name", "event_date", "description", "place", "created_at", "updated_at") VALUES (?, ?, ?, ?, ?, ?)[0m  [["name", "Event 10"], ["event_date", "2017-08-13"], ["description", "It's sample event with number 10"], ["place", "Random place number 10"], ["created_at", "2017-07-13 04:06:01.574573"], ["updated_at", "2017-07-13 04:06:01.574573"]]
  [1m[35m (1.2ms)[0m  [1m[36mcommit transaction[0m
  [1m[36mActiveRecord::SchemaMigration Load (0.1ms)[0m  [1m[34mSELECT "schema_migrations".* FROM "schema_migrations"[0m
  [1m[36mActiveRecord::InternalMetadata Load (0.2ms)[0m  [1m[34mSELECT  "ar_internal_metadata".* FROM "ar_internal_metadata" WHERE "ar_internal_metadata"."key" = ? LIMIT ?[0m  [["key", "environment"], ["LIMIT", 1]]
  [1m[35m (0.1ms)[0m  [1m[36mbegin transaction[0m
  [1m[35m (0.0ms)[0m  [1m[36mcommit transaction[0m
  [1m[36mActiveRecord::SchemaMigration Load (0.1ms)[0m  [1m[34mSELECT "schema_migrations".* FROM "schema_migrations"[0m
Started GET "/" for ::1 at 2017-07-13 12:28:46 +0800
  [1m[36mActiveRecord::SchemaMigration Load (0.1ms)[0m  [1m[34mSELECT "schema_migrations".* FROM "schema_migrations"[0m
Processing by DashboardController#index as HTML
  Rendering dashboard/index.html.erb within layouts/application
  Rendered dashboard/index.html.erb within layouts/application (1.6ms)
Completed 200 OK in 641ms (Views: 639.0ms | ActiveRecord: 0.0ms)


Started GET "/" for 127.0.0.1 at 2017-07-13 12:37:47 +0800
  [1m[36mActiveRecord::SchemaMigration Load (0.2ms)[0m  [1m[34mSELECT "schema_migrations".* FROM "schema_migrations"[0m
Processing by DashboardController#index as HTML
  Rendering dashboard/index.html.erb within layouts/application
  Rendered dashboard/index.html.erb within layouts/application (1.2ms)
Completed 200 OK in 301ms (Views: 299.3ms | ActiveRecord: 0.0ms)


  [1m[36mEvent Load (0.2ms)[0m  [1m[34mSELECT  "events".* FROM "events" ORDER BY "events"."id" DESC LIMIT ?[0m  [["LIMIT", 1]]
  [1m[35m (0.2ms)[0m  [1m[34mSELECT COUNT(*) FROM "events"[0m
Started GET "/" for 127.0.0.1 at 2017-07-13 13:33:37 +0800
Processing by DashboardController#index as HTML
  Rendering dashboard/index.html.erb within layouts/application
  Rendered dashboard/index.html.erb within layouts/application (0.4ms)
Completed 200 OK in 236ms (Views: 234.3ms | ActiveRecord: 0.0ms)


Started GET "/" for 127.0.0.1 at 2017-07-13 13:34:16 +0800
Processing by DashboardController#index as HTML
  Rendering dashboard/index.html.erb within layouts/application
  Rendered dashboard/index.html.erb within layouts/application (0.4ms)
Completed 200 OK in 40ms (Views: 38.3ms | ActiveRecord: 0.0ms)


Started GET "/" for 127.0.0.1 at 2017-07-13 13:36:56 +0800
Processing by DashboardController#index as HTML
  Rendering dashboard/index.html.erb within layouts/application
  Rendered dashboard/index.html.erb within layouts/application (0.5ms)
Completed 200 OK in 227ms (Views: 223.5ms | ActiveRecord: 0.0ms)


Started GET "/" for 127.0.0.1 at 2017-07-13 13:40:16 +0800
Processing by DashboardController#index as HTML
  Rendering dashboard/index.html.erb within layouts/application
  Rendered dashboard/index.html.erb within layouts/application (0.5ms)
Completed 200 OK in 27ms (Views: 25.7ms | ActiveRecord: 0.0ms)


Started GET "/?name=&place=&event_date=&description=" for 127.0.0.1 at 2017-07-13 13:40:29 +0800
Processing by DashboardController#index as HTML
  Parameters: {"name"=>"", "place"=>"", "event_date"=>"", "description"=>""}
  Rendering dashboard/index.html.erb within layouts/application
  Rendered dashboard/index.html.erb within layouts/application (0.5ms)
Completed 200 OK in 23ms (Views: 21.5ms | ActiveRecord: 0.0ms)


Started GET "/?name=Ruby&place=Rails&event_date=20-20-2020&description=Desc+01" for 127.0.0.1 at 2017-07-13 13:40:43 +0800
Processing by DashboardController#index as HTML
  Parameters: {"name"=>"Ruby", "place"=>"Rails", "event_date"=>"20-20-2020", "description"=>"Desc 01"}
  Rendering dashboard/index.html.erb within layouts/application
  Rendered dashboard/index.html.erb within layouts/application (0.7ms)
Completed 200 OK in 24ms (Views: 21.8ms | ActiveRecord: 0.0ms)


Started GET "/?name=Ruby&place=Rails&event_date=20-20-2020&description=Desc+01" for 127.0.0.1 at 2017-07-13 13:40:47 +0800
Processing by DashboardController#index as HTML
  Parameters: {"name"=>"Ruby", "place"=>"Rails", "event_date"=>"20-20-2020", "description"=>"Desc 01"}
  Rendering dashboard/index.html.erb within layouts/application
  Rendered dashboard/index.html.erb within layouts/application (0.7ms)
Completed 200 OK in 22ms (Views: 20.6ms | ActiveRecord: 0.0ms)


Started GET "/?name=Ruby&place=Rails&event_date=20-20-2020&description=Desc+01" for 127.0.0.1 at 2017-07-13 13:40:48 +0800
Processing by DashboardController#index as HTML
  Parameters: {"name"=>"Ruby", "place"=>"Rails", "event_date"=>"20-20-2020", "description"=>"Desc 01"}
  Rendering dashboard/index.html.erb within layouts/application
  Rendered dashboard/index.html.erb within layouts/application (0.6ms)
Completed 200 OK in 29ms (Views: 26.4ms | ActiveRecord: 0.0ms)


  [1m[36mEvent Load (0.2ms)[0m  [1m[34mSELECT  "events".* FROM "events" ORDER BY "events"."id" DESC LIMIT ?[0m  [["LIMIT", 1]]
Started GET "/?name=Ruby&place=Rails&event_date=20-20-2020&description=Desc+01" for 127.0.0.1 at 2017-07-13 13:42:56 +0800
Processing by DashboardController#index as HTML
  Parameters: {"name"=>"Ruby", "place"=>"Rails", "event_date"=>"20-20-2020", "description"=>"Desc 01"}
  Rendering dashboard/index.html.erb within layouts/application
  Rendered dashboard/index.html.erb within layouts/application (0.7ms)
Completed 200 OK in 31ms (Views: 28.0ms | ActiveRecord: 0.0ms)


Started GET "/" for 127.0.0.1 at 2017-07-13 13:43:00 +0800
Processing by DashboardController#index as HTML
  Rendering dashboard/index.html.erb within layouts/application
  Rendered dashboard/index.html.erb within layouts/application (0.5ms)
Completed 200 OK in 22ms (Views: 20.5ms | ActiveRecord: 0.0ms)


Started GET "/" for 127.0.0.1 at 2017-07-13 13:43:02 +0800
Processing by DashboardController#index as HTML
  Rendering dashboard/index.html.erb within layouts/application
  Rendered dashboard/index.html.erb within layouts/application (0.4ms)
Completed 200 OK in 20ms (Views: 18.9ms | ActiveRecord: 0.0ms)


Started GET "/" for 127.0.0.1 at 2017-07-13 13:51:48 +0800
Processing by DashboardController#index as HTML
  Rendering dashboard/index.html.erb within layouts/application
  Rendered dashboard/index.html.erb within layouts/application (0.5ms)
Completed 200 OK in 23ms (Views: 20.6ms | ActiveRecord: 0.0ms)


Started GET "/" for 127.0.0.1 at 2017-07-13 13:51:50 +0800
Processing by DashboardController#index as HTML
  Rendering dashboard/index.html.erb within layouts/application
  Rendered dashboard/index.html.erb within layouts/application (0.5ms)
Completed 200 OK in 22ms (Views: 20.5ms | ActiveRecord: 0.0ms)


Started GET "/" for 127.0.0.1 at 2017-07-13 13:51:51 +0800
Processing by DashboardController#index as HTML
  Rendering dashboard/index.html.erb within layouts/application
  Rendered dashboard/index.html.erb within layouts/application (0.5ms)
Completed 200 OK in 35ms (Views: 33.1ms | ActiveRecord: 0.0ms)


Started GET "/" for 127.0.0.1 at 2017-07-13 14:18:24 +0800
Processing by DashboardController#index as HTML
  Rendering dashboard/index.html.erb within layouts/application
  Rendered dashboard/index.html.erb within layouts/application (0.6ms)
Completed 200 OK in 214ms (Views: 212.3ms | ActiveRecord: 0.0ms)


Started GET "/" for 127.0.0.1 at 2017-07-13 14:44:09 +0800
Processing by DashboardController#index as HTML
  Rendering dashboard/index.html.erb within layouts/application
  Rendered dashboard/index.html.erb within layouts/application (0.5ms)
Completed 200 OK in 218ms (Views: 216.2ms | ActiveRecord: 0.0ms)


Started GET "/" for 127.0.0.1 at 2017-07-13 14:44:11 +0800
Processing by DashboardController#index as HTML
  Rendering dashboard/index.html.erb within layouts/application
  Rendered dashboard/index.html.erb within layouts/application (0.5ms)
Completed 200 OK in 20ms (Views: 19.0ms | ActiveRecord: 0.0ms)


Started GET "/" for 127.0.0.1 at 2017-07-13 14:44:21 +0800
  [1m[36mActiveRecord::SchemaMigration Load (0.2ms)[0m  [1m[34mSELECT "schema_migrations".* FROM "schema_migrations"[0m
Processing by DashboardController#index as HTML
  Rendering dashboard/index.html.erb within layouts/application
  Rendered dashboard/index.html.erb within layouts/application (1.4ms)
Completed 200 OK in 498ms (Views: 496.8ms | ActiveRecord: 0.0ms)


Started GET "/" for 127.0.0.1 at 2017-07-13 14:44:52 +0800
Processing by DashboardController#index as HTML
  Rendering dashboard/index.html.erb within layouts/application
  Rendered dashboard/index.html.erb within layouts/application (0.5ms)
Completed 200 OK in 36ms (Views: 34.1ms | ActiveRecord: 0.0ms)


Started GET "/" for 127.0.0.1 at 2017-07-13 14:46:13 +0800
Processing by DashboardController#index as HTML
  Rendering dashboard/index.html.erb within layouts/application
  Rendered dashboard/index.html.erb within layouts/application (0.8ms)
Completed 200 OK in 35ms (Views: 33.0ms | ActiveRecord: 0.0ms)


Started GET "/" for 127.0.0.1 at 2017-07-13 14:46:14 +0800
Processing by DashboardController#index as HTML
  Rendering dashboard/index.html.erb within layouts/application
  Rendered dashboard/index.html.erb within layouts/application (1.7ms)
Completed 200 OK in 45ms (Views: 41.6ms | ActiveRecord: 0.0ms)


Started GET "/" for 127.0.0.1 at 2017-07-13 14:46:50 +0800
Processing by DashboardController#index as HTML
  Rendering dashboard/index.html.erb within layouts/application
  Rendered dashboard/index.html.erb within layouts/application (0.6ms)
Completed 200 OK in 22ms (Views: 20.9ms | ActiveRecord: 0.0ms)


Started GET "/" for 127.0.0.1 at 2017-07-13 14:46:51 +0800
Processing by DashboardController#index as HTML
  Rendering dashboard/index.html.erb within layouts/application
  Rendered dashboard/index.html.erb within layouts/application (0.7ms)
Completed 200 OK in 26ms (Views: 23.3ms | ActiveRecord: 0.0ms)


Started GET "/" for 127.0.0.1 at 2017-07-13 14:47:48 +0800
Processing by DashboardController#index as HTML
  Rendering dashboard/index.html.erb within layouts/application
  Rendered dashboard/index.html.erb within layouts/application (0.7ms)
Completed 200 OK in 22ms (Views: 20.5ms | ActiveRecord: 0.0ms)


Started GET "/" for 127.0.0.1 at 2017-07-13 14:48:02 +0800
  [1m[36mActiveRecord::SchemaMigration Load (0.2ms)[0m  [1m[34mSELECT "schema_migrations".* FROM "schema_migrations"[0m
Processing by DashboardController#index as HTML
  Rendering dashboard/index.html.erb within layouts/application
  Rendered dashboard/index.html.erb within layouts/application (1.4ms)
Completed 200 OK in 304ms (Views: 302.6ms | ActiveRecord: 0.0ms)


Started GET "/" for 127.0.0.1 at 2017-07-13 14:48:04 +0800
Processing by DashboardController#index as HTML
  Rendering dashboard/index.html.erb within layouts/application
  Rendered dashboard/index.html.erb within layouts/application (1.1ms)
Completed 200 OK in 41ms (Views: 37.9ms | ActiveRecord: 0.0ms)


Started GET "/" for 127.0.0.1 at 2017-07-13 14:49:10 +0800
Processing by DashboardController#index as HTML
  Rendering dashboard/index.html.erb within layouts/application
  Rendered dashboard/index.html.erb within layouts/application (0.6ms)
Completed 200 OK in 231ms (Views: 229.3ms | ActiveRecord: 0.0ms)


Started GET "/" for 127.0.0.1 at 2017-07-13 14:49:13 +0800
Processing by DashboardController#index as HTML
  Rendering dashboard/index.html.erb within layouts/application
  Rendered dashboard/index.html.erb within layouts/application (1.2ms)
Completed 200 OK in 37ms (Views: 34.6ms | ActiveRecord: 0.0ms)


Started GET "/?name=afiq&place=as&event_date=20-20-2020&description=Desc" for 127.0.0.1 at 2017-07-13 14:49:27 +0800
Processing by DashboardController#index as HTML
  Parameters: {"name"=>"afiq", "place"=>"as", "event_date"=>"20-20-2020", "description"=>"Desc"}
  Rendering dashboard/index.html.erb within layouts/application
  Rendered dashboard/index.html.erb within layouts/application (1.0ms)
Completed 200 OK in 37ms (Views: 34.5ms | ActiveRecord: 0.0ms)


  [1m[36mActiveRecord::SchemaMigration Load (0.2ms)[0m  [1m[34mSELECT "schema_migrations".* FROM "schema_migrations"[0m
  [1m[35m (0.1ms)[0m  [1m[34mSELECT "ar_internal_metadata"."value" FROM "ar_internal_metadata" WHERE "ar_internal_metadata"."key" = ?[0m  [["key", "environment"]]
  [1m[36mActiveRecord::SchemaMigration Load (0.0ms)[0m  [1m[34mSELECT "schema_migrations".* FROM "schema_migrations"[0m
  [1m[35m (0.1ms)[0m  [1m[34mSELECT "ar_internal_metadata"."value" FROM "ar_internal_metadata" WHERE "ar_internal_metadata"."key" = ?[0m  [["key", "environment"]]
  [1m[36mActiveRecord::SchemaMigration Load (0.1ms)[0m  [1m[34mSELECT "schema_migrations".* FROM "schema_migrations"[0m
  [1m[35m (0.1ms)[0m  [1m[34mSELECT "ar_internal_metadata"."value" FROM "ar_internal_metadata" WHERE "ar_internal_metadata"."key" = ?[0m  [["key", "environment"]]
DEPRECATION WARNING: Passing #original_exception is deprecated and has no effect. Exceptions will automatically capture the original exception. (called from load at /Users/popsical/.rvm/gems/ruby-2.3.3/bin/rake:22)
  [1m[35m (3.2ms)[0m  [1m[35mCREATE TABLE "schema_migrations" ("version" varchar NOT NULL PRIMARY KEY)[0m
  [1m[35m (1.3ms)[0m  [1m[35mCREATE TABLE "ar_internal_metadata" ("key" varchar NOT NULL PRIMARY KEY, "value" varchar, "created_at" datetime NOT NULL, "updated_at" datetime NOT NULL)[0m
  [1m[36mActiveRecord::SchemaMigration Load (0.1ms)[0m  [1m[34mSELECT "schema_migrations".* FROM "schema_migrations"[0m
Migrating to CreateEvents (20170713040209)
  [1m[35m (0.1ms)[0m  [1m[36mbegin transaction[0m
  [1m[35m (0.4ms)[0m  [1m[35mCREATE TABLE "events" ("id" INTEGER PRIMARY KEY AUTOINCREMENT NOT NULL, "name" varchar, "event_date" date, "description" text, "place" varchar, "created_at" datetime NOT NULL, "updated_at" datetime NOT NULL)[0m
  [1m[35mSQL (0.2ms)[0m  [1m[32mINSERT INTO "schema_migrations" ("version") VALUES (?)[0m  [["version", "20170713040209"]]
  [1m[35m (1.2ms)[0m  [1m[36mcommit transaction[0m
  [1m[36mActiveRecord::InternalMetadata Load (0.1ms)[0m  [1m[34mSELECT  "ar_internal_metadata".* FROM "ar_internal_metadata" WHERE "ar_internal_metadata"."key" = ? LIMIT ?[0m  [["key", "environment"], ["LIMIT", 1]]
  [1m[35m (0.1ms)[0m  [1m[36mbegin transaction[0m
  [1m[35mSQL (0.3ms)[0m  [1m[32mINSERT INTO "ar_internal_metadata" ("key", "value", "created_at", "updated_at") VALUES (?, ?, ?, ?)[0m  [["key", "environment"], ["value", "development"], ["created_at", "2017-07-13 06:52:23.916943"], ["updated_at", "2017-07-13 06:52:23.916943"]]
  [1m[35m (1.0ms)[0m  [1m[36mcommit transaction[0m
  [1m[36mActiveRecord::SchemaMigration Load (0.1ms)[0m  [1m[34mSELECT "schema_migrations".* FROM "schema_migrations"[0m
  [1m[36mActiveRecord::SchemaMigration Load (0.2ms)[0m  [1m[34mSELECT "schema_migrations".* FROM "schema_migrations"[0m
  [1m[35m (0.1ms)[0m  [1m[36mbegin transaction[0m
  [1m[35mSQL (0.4ms)[0m  [1m[32mINSERT INTO "events" ("name", "event_date", "description", "place", "created_at", "updated_at") VALUES (?, ?, ?, ?, ?, ?)[0m  [["name", "Event 1"], ["event_date", "2017-07-13"], ["description", "It's sample event with number 1"], ["place", "Random place number 1"], ["created_at", "2017-07-13 06:52:28.552511"], ["updated_at", "2017-07-13 06:52:28.552511"]]
  [1m[35m (2.7ms)[0m  [1m[36mcommit transaction[0m
  [1m[35m (0.1ms)[0m  [1m[36mbegin transaction[0m
  [1m[35mSQL (0.4ms)[0m  [1m[32mINSERT INTO "events" ("name", "event_date", "description", "place", "created_at", "updated_at") VALUES (?, ?, ?, ?, ?, ?)[0m  [["name", "Event 2"], ["event_date", "2017-08-13"], ["description", "It's sample event with number 2"], ["place", "Random place number 2"], ["created_at", "2017-07-13 06:52:28.557708"], ["updated_at", "2017-07-13 06:52:28.557708"]]
  [1m[35m (1.2ms)[0m  [1m[36mcommit transaction[0m
  [1m[35m (0.1ms)[0m  [1m[36mbegin transaction[0m
  [1m[35mSQL (0.3ms)[0m  [1m[32mINSERT INTO "events" ("name", "event_date", "description", "place", "created_at", "updated_at") VALUES (?, ?, ?, ?, ?, ?)[0m  [["name", "Event 3"], ["event_date", "2017-09-13"], ["description", "It's sample event with number 3"], ["place", "Random place number 3"], ["created_at", "2017-07-13 06:52:28.561037"], ["updated_at", "2017-07-13 06:52:28.561037"]]
  [1m[35m (1.2ms)[0m  [1m[36mcommit transaction[0m
  [1m[35m (0.1ms)[0m  [1m[36mbegin transaction[0m
  [1m[35mSQL (0.3ms)[0m  [1m[32mINSERT INTO "events" ("name", "event_date", "description", "place", "created_at", "updated_at") VALUES (?, ?, ?, ?, ?, ?)[0m  [["name", "Event 4"], ["event_date", "2017-09-13"], ["description", "It's sample event with number 4"], ["place", "Random place number 4"], ["created_at", "2017-07-13 06:52:28.564449"], ["updated_at", "2017-07-13 06:52:28.564449"]]
  [1m[35m (1.2ms)[0m  [1m[36mcommit transaction[0m
  [1m[35m (0.1ms)[0m  [1m[36mbegin transaction[0m
  [1m[35mSQL (0.3ms)[0m  [1m[32mINSERT INTO "events" ("name", "event_date", "description", "place", "created_at", "updated_at") VALUES (?, ?, ?, ?, ?, ?)[0m  [["name", "Event 5"], ["event_date", "2017-08-13"], ["description", "It's sample event with number 5"], ["place", "Random place number 5"], ["created_at", "2017-07-13 06:52:28.567884"], ["updated_at", "2017-07-13 06:52:28.567884"]]
  [1m[35m (1.2ms)[0m  [1m[36mcommit transaction[0m
  [1m[35m (0.1ms)[0m  [1m[36mbegin transaction[0m
  [1m[35mSQL (0.3ms)[0m  [1m[32mINSERT INTO "events" ("name", "event_date", "description", "place", "created_at", "updated_at") VALUES (?, ?, ?, ?, ?, ?)[0m  [["name", "Event 6"], ["event_date", "2017-09-13"], ["description", "It's sample event with number 6"], ["place", "Random place number 6"], ["created_at", "2017-07-13 06:52:28.571076"], ["updated_at", "2017-07-13 06:52:28.571076"]]
  [1m[35m (0.9ms)[0m  [1m[36mcommit transaction[0m
  [1m[35m (0.1ms)[0m  [1m[36mbegin transaction[0m
  [1m[35mSQL (0.3ms)[0m  [1m[32mINSERT INTO "events" ("name", "event_date", "description", "place", "created_at", "updated_at") VALUES (?, ?, ?, ?, ?, ?)[0m  [["name", "Event 7"], ["event_date", "2017-08-13"], ["description", "It's sample event with number 7"], ["place", "Random place number 7"], ["created_at", "2017-07-13 06:52:28.573570"], ["updated_at", "2017-07-13 06:52:28.573570"]]
  [1m[35m (1.2ms)[0m  [1m[36mcommit transaction[0m
  [1m[35m (0.1ms)[0m  [1m[36mbegin transaction[0m
  [1m[35mSQL (0.3ms)[0m  [1m[32mINSERT INTO "events" ("name", "event_date", "description", "place", "created_at", "updated_at") VALUES (?, ?, ?, ?, ?, ?)[0m  [["name", "Event 8"], ["event_date", "2017-07-13"], ["description", "It's sample event with number 8"], ["place", "Random place number 8"], ["created_at", "2017-07-13 06:52:28.576764"], ["updated_at", "2017-07-13 06:52:28.576764"]]
  [1m[35m (1.2ms)[0m  [1m[36mcommit transaction[0m
  [1m[35m (0.1ms)[0m  [1m[36mbegin transaction[0m
  [1m[35mSQL (0.3ms)[0m  [1m[32mINSERT INTO "events" ("name", "event_date", "description", "place", "created_at", "updated_at") VALUES (?, ?, ?, ?, ?, ?)[0m  [["name", "Event 9"], ["event_date", "2017-08-13"], ["description", "It's sample event with number 9"], ["place", "Random place number 9"], ["created_at", "2017-07-13 06:52:28.580039"], ["updated_at", "2017-07-13 06:52:28.580039"]]
  [1m[35m (1.2ms)[0m  [1m[36mcommit transaction[0m
  [1m[35m (0.1ms)[0m  [1m[36mbegin transaction[0m
  [1m[35mSQL (0.3ms)[0m  [1m[32mINSERT INTO "events" ("name", "event_date", "description", "place", "created_at", "updated_at") VALUES (?, ?, ?, ?, ?, ?)[0m  [["name", "Event 10"], ["event_date", "2017-07-13"], ["description", "It's sample event with number 10"], ["place", "Random place number 10"], ["created_at", "2017-07-13 06:52:28.583065"], ["updated_at", "2017-07-13 06:52:28.583065"]]
  [1m[35m (1.1ms)[0m  [1m[36mcommit transaction[0m
  [1m[35m (0.1ms)[0m  [1m[34mSELECT COUNT(*) FROM "events"[0m
  [1m[36mEvent Load (0.2ms)[0m  [1m[34mSELECT  "events".* FROM "events" ORDER BY "events"."id" DESC LIMIT ?[0m  [["LIMIT", 1]]
Started GET "/?name=afiq&place=as&event_date=20-20-2020&description=Desc" for 127.0.0.1 at 2017-07-13 14:53:10 +0800
  [1m[36mActiveRecord::SchemaMigration Load (0.2ms)[0m  [1m[34mSELECT "schema_migrations".* FROM "schema_migrations"[0m
Processing by DashboardController#index as HTML
  Parameters: {"name"=>"afiq", "place"=>"as", "event_date"=>"20-20-2020", "description"=>"Desc"}
  Rendering dashboard/index.html.erb within layouts/application
  Rendered dashboard/index.html.erb within layouts/application (1.4ms)
Completed 200 OK in 490ms (Views: 488.4ms | ActiveRecord: 0.0ms)


Started GET "/?name=afiq&place=as&event_date=20-20-2020&description=Desc" for 127.0.0.1 at 2017-07-13 14:53:12 +0800
Processing by DashboardController#index as HTML
  Parameters: {"name"=>"afiq", "place"=>"as", "event_date"=>"20-20-2020", "description"=>"Desc"}
  Rendering dashboard/index.html.erb within layouts/application
  Rendered dashboard/index.html.erb within layouts/application (0.6ms)
Completed 200 OK in 40ms (Views: 38.3ms | ActiveRecord: 0.0ms)


Started GET "/?name=afiq&place=as&event_date=20-20-2020&description=Desc" for 127.0.0.1 at 2017-07-13 14:53:13 +0800
Processing by DashboardController#index as HTML
  Parameters: {"name"=>"afiq", "place"=>"as", "event_date"=>"20-20-2020", "description"=>"Desc"}
  Rendering dashboard/index.html.erb within layouts/application
  Rendered dashboard/index.html.erb within layouts/application (0.8ms)
Completed 200 OK in 33ms (Views: 31.2ms | ActiveRecord: 0.0ms)


Started GET "/?name=afiq&place=as&event_date=20-20-2020&description=Desc" for 127.0.0.1 at 2017-07-13 14:53:26 +0800
Processing by DashboardController#index as HTML
  Parameters: {"name"=>"afiq", "place"=>"as", "event_date"=>"20-20-2020", "description"=>"Desc"}
  Rendering dashboard/index.html.erb within layouts/application
  Rendered dashboard/index.html.erb within layouts/application (1.1ms)
Completed 200 OK in 30ms (Views: 28.5ms | ActiveRecord: 0.0ms)


Started GET "/?name=afiq&place=as&event_date=20-20-2020&description=Desc" for 127.0.0.1 at 2017-07-13 14:53:32 +0800
Processing by DashboardController#index as HTML
  Parameters: {"name"=>"afiq", "place"=>"as", "event_date"=>"20-20-2020", "description"=>"Desc"}
  Rendering dashboard/index.html.erb within layouts/application
  Rendered dashboard/index.html.erb within layouts/application (0.7ms)
Completed 200 OK in 29ms (Views: 27.4ms | ActiveRecord: 0.0ms)


Started GET "/" for 127.0.0.1 at 2017-07-13 14:53:38 +0800
Processing by DashboardController#index as HTML
  Rendering dashboard/index.html.erb within layouts/application
  Rendered dashboard/index.html.erb within layouts/application (1.5ms)
Completed 200 OK in 35ms (Views: 33.0ms | ActiveRecord: 0.0ms)


Started GET "/" for 127.0.0.1 at 2017-07-13 14:53:42 +0800
Processing by DashboardController#index as HTML
  Rendering dashboard/index.html.erb within layouts/application
  Rendered dashboard/index.html.erb within layouts/application (0.6ms)
Completed 200 OK in 26ms (Views: 24.3ms | ActiveRecord: 0.0ms)


Started GET "/" for 127.0.0.1 at 2017-07-13 14:54:05 +0800
Processing by DashboardController#index as HTML
  Rendering dashboard/index.html.erb within layouts/application
  Rendered dashboard/index.html.erb within layouts/application (0.6ms)
Completed 200 OK in 24ms (Views: 22.0ms | ActiveRecord: 0.0ms)


Started GET "/" for 127.0.0.1 at 2017-07-13 14:54:48 +0800
  [1m[36mActiveRecord::SchemaMigration Load (0.2ms)[0m  [1m[34mSELECT "schema_migrations".* FROM "schema_migrations"[0m
Processing by DashboardController#index as HTML
  Rendering dashboard/index.html.erb within layouts/application
  Rendered dashboard/index.html.erb within layouts/application (1.5ms)
Completed 200 OK in 298ms (Views: 296.7ms | ActiveRecord: 0.0ms)


Started GET "/" for 127.0.0.1 at 2017-07-13 14:58:38 +0800
Processing by DashboardController#index as HTML
  Rendering dashboard/index.html.erb within layouts/application
  Rendered dashboard/index.html.erb within layouts/application (0.6ms)
Completed 200 OK in 263ms (Views: 261.2ms | ActiveRecord: 0.0ms)


Started GET "/" for 127.0.0.1 at 2017-07-13 15:00:46 +0800
Processing by DashboardController#index as HTML
  Rendering dashboard/index.html.erb within layouts/application
  Rendered dashboard/index.html.erb within layouts/application (0.6ms)
Completed 200 OK in 25ms (Views: 22.9ms | ActiveRecord: 0.0ms)


Started GET "/api/events.json" for 127.0.0.1 at 2017-07-13 15:00:46 +0800
Processing by Api::EventsController#index as JSON
  [1m[36mEvent Load (0.6ms)[0m  [1m[34mSELECT "events".* FROM "events" ORDER BY name asc[0m
Completed 200 OK in 26ms (Views: 13.5ms | ActiveRecord: 1.4ms)


Started GET "/" for 127.0.0.1 at 2017-07-13 15:04:02 +0800
Processing by DashboardController#index as HTML
  Rendering dashboard/index.html.erb within layouts/application
  Rendered dashboard/index.html.erb within layouts/application (0.8ms)
Completed 200 OK in 246ms (Views: 244.1ms | ActiveRecord: 0.0ms)


Started GET "/" for 127.0.0.1 at 2017-07-13 15:04:04 +0800
Processing by DashboardController#index as HTML
  Rendering dashboard/index.html.erb within layouts/application
  Rendered dashboard/index.html.erb within layouts/application (1.8ms)
Completed 200 OK in 45ms (Views: 42.6ms | ActiveRecord: 0.0ms)


Started GET "/" for 127.0.0.1 at 2017-07-13 15:04:18 +0800
Processing by DashboardController#index as HTML
  Rendering dashboard/index.html.erb within layouts/application
  Rendered dashboard/index.html.erb within layouts/application (0.8ms)
Completed 200 OK in 25ms (Views: 24.0ms | ActiveRecord: 0.0ms)


Started GET "/" for 127.0.0.1 at 2017-07-13 15:04:19 +0800
Processing by DashboardController#index as HTML
  Rendering dashboard/index.html.erb within layouts/application
  Rendered dashboard/index.html.erb within layouts/application (1.2ms)
Completed 200 OK in 26ms (Views: 23.0ms | ActiveRecord: 0.0ms)


Started GET "/" for 127.0.0.1 at 2017-07-13 15:04:20 +0800
Processing by DashboardController#index as HTML
  Rendering dashboard/index.html.erb within layouts/application
  Rendered dashboard/index.html.erb within layouts/application (0.5ms)
Completed 200 OK in 24ms (Views: 22.8ms | ActiveRecord: 0.0ms)


Started GET "/" for 127.0.0.1 at 2017-07-13 15:05:12 +0800
Processing by DashboardController#index as HTML
  Rendering dashboard/index.html.erb within layouts/application
  Rendered dashboard/index.html.erb within layouts/application (1.1ms)
Completed 200 OK in 220ms (Views: 218.6ms | ActiveRecord: 0.0ms)


Started GET "/" for 127.0.0.1 at 2017-07-13 15:05:14 +0800
Processing by DashboardController#index as HTML
  Rendering dashboard/index.html.erb within layouts/application
  Rendered dashboard/index.html.erb within layouts/application (0.6ms)
Completed 200 OK in 25ms (Views: 22.0ms | ActiveRecord: 0.0ms)


Started GET "/" for 127.0.0.1 at 2017-07-13 15:05:51 +0800
Processing by DashboardController#index as HTML
  Rendering dashboard/index.html.erb within layouts/application
  Rendered dashboard/index.html.erb within layouts/application (0.7ms)
Completed 200 OK in 22ms (Views: 19.9ms | ActiveRecord: 0.0ms)


Started GET "/" for 127.0.0.1 at 2017-07-13 15:05:52 +0800
Processing by DashboardController#index as HTML
  Rendering dashboard/index.html.erb within layouts/application
  Rendered dashboard/index.html.erb within layouts/application (0.9ms)
Completed 200 OK in 25ms (Views: 23.8ms | ActiveRecord: 0.0ms)


Started GET "/" for 127.0.0.1 at 2017-07-13 15:05:52 +0800
Processing by DashboardController#index as HTML
  Rendering dashboard/index.html.erb within layouts/application
  Rendered dashboard/index.html.erb within layouts/application (1.0ms)
Completed 200 OK in 29ms (Views: 25.4ms | ActiveRecord: 0.0ms)


Started GET "/" for 127.0.0.1 at 2017-07-13 15:05:53 +0800
Processing by DashboardController#index as HTML
  Rendering dashboard/index.html.erb within layouts/application
  Rendered dashboard/index.html.erb within layouts/application (1.2ms)
Completed 200 OK in 24ms (Views: 21.8ms | ActiveRecord: 0.0ms)


Started GET "/" for 127.0.0.1 at 2017-07-13 15:05:53 +0800
Processing by DashboardController#index as HTML
  Rendering dashboard/index.html.erb within layouts/application
  Rendered dashboard/index.html.erb within layouts/application (0.8ms)
Completed 200 OK in 26ms (Views: 23.7ms | ActiveRecord: 0.0ms)


Started GET "/" for 127.0.0.1 at 2017-07-13 15:05:54 +0800
Processing by DashboardController#index as HTML
  Rendering dashboard/index.html.erb within layouts/application
  Rendered dashboard/index.html.erb within layouts/application (0.6ms)
Completed 200 OK in 23ms (Views: 21.2ms | ActiveRecord: 0.0ms)


Started GET "/" for 127.0.0.1 at 2017-07-13 15:05:55 +0800
Processing by DashboardController#index as HTML
  Rendering dashboard/index.html.erb within layouts/application
  Rendered dashboard/index.html.erb within layouts/application (1.0ms)
Completed 200 OK in 24ms (Views: 22.7ms | ActiveRecord: 0.0ms)


Started GET "/" for 127.0.0.1 at 2017-07-13 15:05:55 +0800
Processing by DashboardController#index as HTML
  Rendering dashboard/index.html.erb within layouts/application
  Rendered dashboard/index.html.erb within layouts/application (0.7ms)
Completed 200 OK in 34ms (Views: 31.9ms | ActiveRecord: 0.0ms)


Started GET "/" for 127.0.0.1 at 2017-07-13 15:08:51 +0800
Processing by DashboardController#index as HTML
  Rendering dashboard/index.html.erb within layouts/application
  Rendered dashboard/index.html.erb within layouts/application (0.9ms)
Completed 200 OK in 31ms (Views: 27.8ms | ActiveRecord: 0.0ms)


Started GET "/" for 127.0.0.1 at 2017-07-13 15:08:52 +0800
Processing by DashboardController#index as HTML
  Rendering dashboard/index.html.erb within layouts/application
  Rendered dashboard/index.html.erb within layouts/application (0.7ms)
Completed 200 OK in 27ms (Views: 25.1ms | ActiveRecord: 0.0ms)


Started GET "/" for 127.0.0.1 at 2017-07-13 15:09:12 +0800
Processing by DashboardController#index as HTML
  Rendering dashboard/index.html.erb within layouts/application
  Rendered dashboard/index.html.erb within layouts/application (0.8ms)
Completed 200 OK in 26ms (Views: 23.3ms | ActiveRecord: 0.0ms)


Started GET "/" for 127.0.0.1 at 2017-07-13 15:09:12 +0800
Processing by DashboardController#index as HTML
  Rendering dashboard/index.html.erb within layouts/application
  Rendered dashboard/index.html.erb within layouts/application (0.6ms)
Completed 200 OK in 23ms (Views: 21.6ms | ActiveRecord: 0.0ms)


Started GET "/" for 127.0.0.1 at 2017-07-13 15:09:24 +0800
Processing by DashboardController#index as HTML
  Rendering dashboard/index.html.erb within layouts/application
  Rendered dashboard/index.html.erb within layouts/application (0.6ms)
Completed 200 OK in 26ms (Views: 23.3ms | ActiveRecord: 0.0ms)


Started GET "/" for 127.0.0.1 at 2017-07-13 15:09:34 +0800
  [1m[36mActiveRecord::SchemaMigration Load (0.1ms)[0m  [1m[34mSELECT "schema_migrations".* FROM "schema_migrations"[0m
Processing by DashboardController#index as HTML
  Rendering dashboard/index.html.erb within layouts/application
  Rendered dashboard/index.html.erb within layouts/application (1.2ms)
Completed 200 OK in 525ms (Views: 522.6ms | ActiveRecord: 0.0ms)


Started GET "/" for 127.0.0.1 at 2017-07-13 15:10:34 +0800
Processing by DashboardController#index as HTML
  Rendering dashboard/index.html.erb within layouts/application
  Rendered dashboard/index.html.erb within layouts/application (0.8ms)
Completed 200 OK in 29ms (Views: 26.3ms | ActiveRecord: 0.0ms)


Started GET "/" for 127.0.0.1 at 2017-07-13 15:10:35 +0800
Processing by DashboardController#index as HTML
  Rendering dashboard/index.html.erb within layouts/application
  Rendered dashboard/index.html.erb within layouts/application (0.6ms)
Completed 200 OK in 46ms (Views: 43.6ms | ActiveRecord: 0.0ms)


Started GET "/" for 127.0.0.1 at 2017-07-13 15:10:36 +0800
Processing by DashboardController#index as HTML
  Rendering dashboard/index.html.erb within layouts/application
  Rendered dashboard/index.html.erb within layouts/application (1.4ms)
Completed 200 OK in 44ms (Views: 41.5ms | ActiveRecord: 0.0ms)


Started GET "/?name=afiq&place=s&event_date=20-20-2020&description=De" for 127.0.0.1 at 2017-07-13 15:10:43 +0800
Processing by DashboardController#index as HTML
  Parameters: {"name"=>"afiq", "place"=>"s", "event_date"=>"20-20-2020", "description"=>"De"}
  Rendering dashboard/index.html.erb within layouts/application
  Rendered dashboard/index.html.erb within layouts/application (0.5ms)
Completed 200 OK in 31ms (Views: 28.5ms | ActiveRecord: 0.0ms)


Started GET "/?name=afiq&place=s&event_date=20-20-2020&description=De" for 127.0.0.1 at 2017-07-13 15:10:57 +0800
Processing by DashboardController#index as HTML
  Parameters: {"name"=>"afiq", "place"=>"s", "event_date"=>"20-20-2020", "description"=>"De"}
  Rendering dashboard/index.html.erb within layouts/application
  Rendered dashboard/index.html.erb within layouts/application (1.1ms)
Completed 200 OK in 48ms (Views: 45.2ms | ActiveRecord: 0.0ms)


Started GET "/api/events.json" for 127.0.0.1 at 2017-07-13 15:10:57 +0800
Processing by Api::EventsController#index as JSON
  [1m[36mEvent Load (0.2ms)[0m  [1m[34mSELECT "events".* FROM "events" ORDER BY name asc[0m
Completed 200 OK in 20ms (Views: 11.1ms | ActiveRecord: 0.7ms)


Started GET "/api/events.json?order=asc&sort_by=event_date" for 127.0.0.1 at 2017-07-13 15:11:02 +0800
Processing by Api::EventsController#index as JSON
  Parameters: {"order"=>"asc", "sort_by"=>"event_date"}
  [1m[36mEvent Load (0.3ms)[0m  [1m[34mSELECT "events".* FROM "events" ORDER BY event_date asc[0m
Completed 200 OK in 11ms (Views: 5.7ms | ActiveRecord: 0.3ms)


Started GET "/api/events.json?order=desc&sort_by=event_date" for 127.0.0.1 at 2017-07-13 15:11:03 +0800
Processing by Api::EventsController#index as JSON
  Parameters: {"order"=>"desc", "sort_by"=>"event_date"}
  [1m[36mEvent Load (0.2ms)[0m  [1m[34mSELECT "events".* FROM "events" ORDER BY event_date desc[0m
Completed 200 OK in 8ms (Views: 3.7ms | ActiveRecord: 0.2ms)


Started GET "/api/events.json?order=asc&sort_by=place" for 127.0.0.1 at 2017-07-13 15:11:04 +0800
Processing by Api::EventsController#index as JSON
  Parameters: {"order"=>"asc", "sort_by"=>"place"}
  [1m[36mEvent Load (0.3ms)[0m  [1m[34mSELECT "events".* FROM "events" ORDER BY place asc[0m
Completed 200 OK in 8ms (Views: 3.8ms | ActiveRecord: 0.3ms)


Started GET "/api/events.json?order=desc&sort_by=place" for 127.0.0.1 at 2017-07-13 15:11:04 +0800
Processing by Api::EventsController#index as JSON
  Parameters: {"order"=>"desc", "sort_by"=>"place"}
  [1m[36mEvent Load (0.4ms)[0m  [1m[34mSELECT "events".* FROM "events" ORDER BY place desc[0m
Completed 200 OK in 8ms (Views: 3.6ms | ActiveRecord: 0.4ms)


Started GET "/api/events/search.json?query=E" for 127.0.0.1 at 2017-07-13 15:11:06 +0800
Processing by Api::EventsController#search as JSON
  Parameters: {"query"=>"E"}
  [1m[36mEvent Load (0.3ms)[0m  [1m[34mSELECT "events".* FROM "events" WHERE (name LIKE '%E%' OR place LIKE '%E%' OR description LIKE '%E%')[0m
Completed 200 OK in 9ms (Views: 4.3ms | ActiveRecord: 0.3ms)


Started GET "/api/events/search.json?query=Ev" for 127.0.0.1 at 2017-07-13 15:11:06 +0800
Processing by Api::EventsController#search as JSON
  Parameters: {"query"=>"Ev"}
  [1m[36mEvent Load (0.3ms)[0m  [1m[34mSELECT "events".* FROM "events" WHERE (name LIKE '%Ev%' OR place LIKE '%Ev%' OR description LIKE '%Ev%')[0m
Completed 200 OK in 10ms (Views: 4.3ms | ActiveRecord: 0.3ms)


Started GET "/api/events/search.json?query=Eve" for 127.0.0.1 at 2017-07-13 15:11:06 +0800
Processing by Api::EventsController#search as JSON
  Parameters: {"query"=>"Eve"}
  [1m[36mEvent Load (0.3ms)[0m  [1m[34mSELECT "events".* FROM "events" WHERE (name LIKE '%Eve%' OR place LIKE '%Eve%' OR description LIKE '%Eve%')[0m
Completed 200 OK in 7ms (Views: 3.9ms | ActiveRecord: 0.3ms)


Started GET "/api/events/search.json?query=Ev" for 127.0.0.1 at 2017-07-13 15:11:07 +0800
Processing by Api::EventsController#search as JSON
  Parameters: {"query"=>"Ev"}
  [1m[36mEvent Load (0.3ms)[0m  [1m[34mSELECT "events".* FROM "events" WHERE (name LIKE '%Ev%' OR place LIKE '%Ev%' OR description LIKE '%Ev%')[0m
Completed 200 OK in 8ms (Views: 3.9ms | ActiveRecord: 0.3ms)


Started GET "/api/events/search.json?query=E" for 127.0.0.1 at 2017-07-13 15:11:07 +0800
Processing by Api::EventsController#search as JSON
  Parameters: {"query"=>"E"}
  [1m[36mEvent Load (0.2ms)[0m  [1m[34mSELECT "events".* FROM "events" WHERE (name LIKE '%E%' OR place LIKE '%E%' OR description LIKE '%E%')[0m
Completed 200 OK in 6ms (Views: 3.0ms | ActiveRecord: 0.2ms)


Started GET "/api/events/search.json?query=" for 127.0.0.1 at 2017-07-13 15:11:07 +0800
Processing by Api::EventsController#search as JSON
  Parameters: {"query"=>""}
  [1m[36mEvent Load (0.2ms)[0m  [1m[34mSELECT "events".* FROM "events" WHERE (name LIKE '%%' OR place LIKE '%%' OR description LIKE '%%')[0m
Completed 200 OK in 6ms (Views: 3.4ms | ActiveRecord: 0.2ms)


Started GET "/api/events/search.json?query=1" for 127.0.0.1 at 2017-07-13 15:11:08 +0800
Processing by Api::EventsController#search as JSON
  Parameters: {"query"=>"1"}
  [1m[36mEvent Load (0.3ms)[0m  [1m[34mSELECT "events".* FROM "events" WHERE (name LIKE '%1%' OR place LIKE '%1%' OR description LIKE '%1%')[0m
Completed 200 OK in 7ms (Views: 1.9ms | ActiveRecord: 0.3ms)


Started GET "/api/events/search.json?query=" for 127.0.0.1 at 2017-07-13 15:11:09 +0800
Processing by Api::EventsController#search as JSON
  Parameters: {"query"=>""}
  [1m[36mEvent Load (0.2ms)[0m  [1m[34mSELECT "events".* FROM "events" WHERE (name LIKE '%%' OR place LIKE '%%' OR description LIKE '%%')[0m
Completed 200 OK in 8ms (Views: 3.2ms | ActiveRecord: 0.2ms)


Started GET "/api/events/search.json?query=2" for 127.0.0.1 at 2017-07-13 15:11:09 +0800
Processing by Api::EventsController#search as JSON
  Parameters: {"query"=>"2"}
  [1m[36mEvent Load (0.4ms)[0m  [1m[34mSELECT "events".* FROM "events" WHERE (name LIKE '%2%' OR place LIKE '%2%' OR description LIKE '%2%')[0m
Completed 200 OK in 6ms (Views: 1.3ms | ActiveRecord: 0.4ms)


Started GET "/api/events/search.json?query=" for 127.0.0.1 at 2017-07-13 15:11:10 +0800
Processing by Api::EventsController#search as JSON
  Parameters: {"query"=>""}
  [1m[36mEvent Load (0.3ms)[0m  [1m[34mSELECT "events".* FROM "events" WHERE (name LIKE '%%' OR place LIKE '%%' OR description LIKE '%%')[0m
Completed 200 OK in 11ms (Views: 5.3ms | ActiveRecord: 0.3ms)


Started POST "/api/events.json" for 127.0.0.1 at 2017-07-13 15:11:25 +0800
Processing by Api::EventsController#create as JSON
  Parameters: {"name"=>"Prabu", "place"=>"Maja", "event_date"=>"20-20-2020", "description"=>"Eternal Desc 01", "event"=>{"name"=>"Prabu", "event_date"=>"20-20-2020", "description"=>"Eternal Desc 01", "place"=>"Maja"}}
  [1m[35m (0.1ms)[0m  [1m[36mbegin transaction[0m
  [1m[35mSQL (0.9ms)[0m  [1m[32mINSERT INTO "events" ("name", "description", "place", "created_at", "updated_at") VALUES (?, ?, ?, ?, ?)[0m  [["name", "Prabu"], ["description", "Eternal Desc 01"], ["place", "Maja"], ["created_at", "2017-07-13 07:11:25.164798"], ["updated_at", "2017-07-13 07:11:25.164798"]]
  [1m[35m (1.5ms)[0m  [1m[36mcommit transaction[0m
Completed 200 OK in 20ms (Views: 5.5ms | ActiveRecord: 2.5ms)


Started GET "/?name=afiq&place=s&event_date=20-20-2020&description=De" for 127.0.0.1 at 2017-07-13 15:11:26 +0800
Processing by DashboardController#index as HTML
  Parameters: {"name"=>"afiq", "place"=>"s", "event_date"=>"20-20-2020", "description"=>"De"}
  Rendering dashboard/index.html.erb within layouts/application
  Rendered dashboard/index.html.erb within layouts/application (0.7ms)
Completed 200 OK in 22ms (Views: 20.3ms | ActiveRecord: 0.0ms)


Started GET "/api/events.json" for 127.0.0.1 at 2017-07-13 15:11:26 +0800
Processing by Api::EventsController#index as JSON
  [1m[36mEvent Load (0.3ms)[0m  [1m[34mSELECT "events".* FROM "events" ORDER BY name asc[0m
Completed 200 OK in 7ms (Views: 3.6ms | ActiveRecord: 0.3ms)


Started GET "/?name=afiq&place=s&event_date=20-20-2020&description=De" for 127.0.0.1 at 2017-07-13 15:12:10 +0800
Processing by DashboardController#index as HTML
  Parameters: {"name"=>"afiq", "place"=>"s", "event_date"=>"20-20-2020", "description"=>"De"}
  Rendering dashboard/index.html.erb within layouts/application
  Rendered dashboard/index.html.erb within layouts/application (1.0ms)
Completed 200 OK in 221ms (Views: 218.4ms | ActiveRecord: 0.0ms)


Started GET "/api/events.json" for 127.0.0.1 at 2017-07-13 15:12:10 +0800
Processing by Api::EventsController#index as JSON
  [1m[36mEvent Load (0.2ms)[0m  [1m[34mSELECT "events".* FROM "events" ORDER BY name asc[0m
Completed 200 OK in 8ms (Views: 4.4ms | ActiveRecord: 0.2ms)


Started GET "/?name=afiq&place=s&event_date=20-20-2020&description=De" for 127.0.0.1 at 2017-07-13 15:12:11 +0800
Processing by DashboardController#index as HTML
  Parameters: {"name"=>"afiq", "place"=>"s", "event_date"=>"20-20-2020", "description"=>"De"}
  Rendering dashboard/index.html.erb within layouts/application
  Rendered dashboard/index.html.erb within layouts/application (1.2ms)
Completed 200 OK in 31ms (Views: 28.2ms | ActiveRecord: 0.0ms)


Started GET "/api/events.json" for 127.0.0.1 at 2017-07-13 15:12:11 +0800
Processing by Api::EventsController#index as JSON
  [1m[36mEvent Load (0.2ms)[0m  [1m[34mSELECT "events".* FROM "events" ORDER BY name asc[0m
Completed 200 OK in 8ms (Views: 4.6ms | ActiveRecord: 0.2ms)


Started GET "/?name=afiq&place=s&event_date=20-20-2020&description=De" for 127.0.0.1 at 2017-07-13 15:12:56 +0800
Processing by DashboardController#index as HTML
  Parameters: {"name"=>"afiq", "place"=>"s", "event_date"=>"20-20-2020", "description"=>"De"}
  Rendering dashboard/index.html.erb within layouts/application
  Rendered dashboard/index.html.erb within layouts/application (0.5ms)
Completed 200 OK in 20ms (Views: 18.8ms | ActiveRecord: 0.0ms)


Started GET "/api/events.json" for 127.0.0.1 at 2017-07-13 15:12:56 +0800
Processing by Api::EventsController#index as JSON
  [1m[36mEvent Load (0.5ms)[0m  [1m[34mSELECT "events".* FROM "events" ORDER BY name asc[0m
Completed 200 OK in 7ms (Views: 4.3ms | ActiveRecord: 0.5ms)


Started GET "/?name=afiq&place=s&event_date=20-20-2020&description=De" for 127.0.0.1 at 2017-07-13 15:12:57 +0800
Processing by DashboardController#index as HTML
  Parameters: {"name"=>"afiq", "place"=>"s", "event_date"=>"20-20-2020", "description"=>"De"}
  Rendering dashboard/index.html.erb within layouts/application
  Rendered dashboard/index.html.erb within layouts/application (0.6ms)
Completed 200 OK in 24ms (Views: 21.4ms | ActiveRecord: 0.0ms)


Started GET "/api/events.json" for 127.0.0.1 at 2017-07-13 15:12:57 +0800
Processing by Api::EventsController#index as JSON
  [1m[36mEvent Load (0.3ms)[0m  [1m[34mSELECT "events".* FROM "events" ORDER BY name asc[0m
Completed 200 OK in 7ms (Views: 3.8ms | ActiveRecord: 0.3ms)


Started GET "/?name=afiq&place=s&event_date=20-20-2020&description=De" for 127.0.0.1 at 2017-07-13 15:13:16 +0800
Processing by DashboardController#index as HTML
  Parameters: {"name"=>"afiq", "place"=>"s", "event_date"=>"20-20-2020", "description"=>"De"}
  Rendering dashboard/index.html.erb within layouts/application
  Rendered dashboard/index.html.erb within layouts/application (0.8ms)
Completed 200 OK in 23ms (Views: 21.4ms | ActiveRecord: 0.0ms)


Started GET "/api/events.json" for 127.0.0.1 at 2017-07-13 15:13:17 +0800
Processing by Api::EventsController#index as JSON
  [1m[36mEvent Load (0.5ms)[0m  [1m[34mSELECT "events".* FROM "events" ORDER BY name asc[0m
Completed 200 OK in 32ms (Views: 24.7ms | ActiveRecord: 1.1ms)


Started GET "/?name=afiq&place=s&event_date=20-20-2020&description=De" for 127.0.0.1 at 2017-07-13 15:13:17 +0800
Processing by DashboardController#index as HTML
  Parameters: {"name"=>"afiq", "place"=>"s", "event_date"=>"20-20-2020", "description"=>"De"}
  Rendering dashboard/index.html.erb within layouts/application
  Rendered dashboard/index.html.erb within layouts/application (0.6ms)
Completed 200 OK in 23ms (Views: 21.5ms | ActiveRecord: 0.0ms)


Started GET "/api/events.json" for 127.0.0.1 at 2017-07-13 15:13:17 +0800
Processing by Api::EventsController#index as JSON
  [1m[36mEvent Load (0.3ms)[0m  [1m[34mSELECT "events".* FROM "events" ORDER BY name asc[0m
Completed 200 OK in 9ms (Views: 6.0ms | ActiveRecord: 0.3ms)


Started GET "/?name=afiq&place=s&event_date=20-20-2020&description=De" for 127.0.0.1 at 2017-07-13 15:13:18 +0800
Processing by DashboardController#index as HTML
  Parameters: {"name"=>"afiq", "place"=>"s", "event_date"=>"20-20-2020", "description"=>"De"}
  Rendering dashboard/index.html.erb within layouts/application
  Rendered dashboard/index.html.erb within layouts/application (0.6ms)
Completed 200 OK in 22ms (Views: 20.4ms | ActiveRecord: 0.0ms)


Started GET "/api/events.json" for 127.0.0.1 at 2017-07-13 15:13:18 +0800
Processing by Api::EventsController#index as JSON
  [1m[36mEvent Load (0.4ms)[0m  [1m[34mSELECT "events".* FROM "events" ORDER BY name asc[0m
Completed 200 OK in 9ms (Views: 5.3ms | ActiveRecord: 0.4ms)


Started GET "/?name=afiq&place=s&event_date=20-20-2020&description=De" for 127.0.0.1 at 2017-07-13 15:13:19 +0800
Processing by DashboardController#index as HTML
  Parameters: {"name"=>"afiq", "place"=>"s", "event_date"=>"20-20-2020", "description"=>"De"}
  Rendering dashboard/index.html.erb within layouts/application
  Rendered dashboard/index.html.erb within layouts/application (1.1ms)
Completed 200 OK in 29ms (Views: 26.0ms | ActiveRecord: 0.0ms)


Started GET "/api/events.json" for 127.0.0.1 at 2017-07-13 15:13:19 +0800
Processing by Api::EventsController#index as JSON
  [1m[36mEvent Load (0.3ms)[0m  [1m[34mSELECT "events".* FROM "events" ORDER BY name asc[0m
Completed 200 OK in 11ms (Views: 7.4ms | ActiveRecord: 0.3ms)


Started PUT "/api/events/11.json" for 127.0.0.1 at 2017-07-13 15:13:28 +0800
Processing by Api::EventsController#update as JSON
  Parameters: {"id"=>"11", "name"=>"Prabu", "event_date"=>"2020-10-10", "description"=>"Eternal Desc 01", "place"=>"Maja", "created_at"=>"2017-07-13T07:11:25.164Z", "updated_at"=>"2017-07-13T07:11:25.164Z", "event"=>{"id"=>"11", "name"=>"Prabu", "event_date"=>"2020-10-10", "description"=>"Eternal Desc 01", "place"=>"Maja", "created_at"=>"2017-07-13T07:11:25.164Z", "updated_at"=>"2017-07-13T07:11:25.164Z"}}
  [1m[36mEvent Load (0.5ms)[0m  [1m[34mSELECT  "events".* FROM "events" WHERE "events"."id" = ? LIMIT ?[0m  [["id", 11], ["LIMIT", 1]]
Unpermitted parameters: id, created_at, updated_at
  [1m[35m (0.2ms)[0m  [1m[36mbegin transaction[0m
  [1m[35mSQL (0.6ms)[0m  [1m[33mUPDATE "events" SET "event_date" = ?, "updated_at" = ? WHERE "events"."id" = ?[0m  [["event_date", "2020-10-10"], ["updated_at", "2017-07-13 07:13:28.885286"], ["id", 11]]
  [1m[35m (1.4ms)[0m  [1m[36mcommit transaction[0m
Completed 204 No Content in 23ms (ActiveRecord: 2.8ms)


Started GET "/api/events/search.json?query=2" for 127.0.0.1 at 2017-07-13 15:13:31 +0800
Processing by Api::EventsController#search as JSON
  Parameters: {"query"=>"2"}
  [1m[36mEvent Load (0.2ms)[0m  [1m[34mSELECT "events".* FROM "events" WHERE (name Like '%2%' OR place LIKE '%2%' OR description LIKE '%2%')[0m
Completed 200 OK in 7ms (Views: 1.5ms | ActiveRecord: 0.2ms)


Started GET "/api/events/search.json?query=20" for 127.0.0.1 at 2017-07-13 15:13:31 +0800
Processing by Api::EventsController#search as JSON
  Parameters: {"query"=>"20"}
  [1m[36mEvent Load (0.2ms)[0m  [1m[34mSELECT "events".* FROM "events" WHERE (name Like '%20%' OR place LIKE '%20%' OR description LIKE '%20%')[0m
Completed 200 OK in 5ms (Views: 0.7ms | ActiveRecord: 0.2ms)


Started GET "/api/events/search.json?query=202" for 127.0.0.1 at 2017-07-13 15:13:31 +0800
Processing by Api::EventsController#search as JSON
  Parameters: {"query"=>"202"}
  [1m[36mEvent Load (0.3ms)[0m  [1m[34mSELECT "events".* FROM "events" WHERE (name Like '%202%' OR place LIKE '%202%' OR description LIKE '%202%')[0m
Completed 200 OK in 6ms (Views: 0.9ms | ActiveRecord: 0.3ms)


Started GET "/api/events/search.json?query=2020" for 127.0.0.1 at 2017-07-13 15:13:32 +0800
Processing by Api::EventsController#search as JSON
  Parameters: {"query"=>"2020"}
  [1m[36mEvent Load (0.3ms)[0m  [1m[34mSELECT "events".* FROM "events" WHERE (name Like '%2020%' OR place LIKE '%2020%' OR description LIKE '%2020%')[0m
Completed 200 OK in 7ms (Views: 1.0ms | ActiveRecord: 0.3ms)


Started GET "/api/events/search.json?query=202" for 127.0.0.1 at 2017-07-13 15:13:32 +0800
Processing by Api::EventsController#search as JSON
  Parameters: {"query"=>"202"}
  [1m[36mEvent Load (0.3ms)[0m  [1m[34mSELECT "events".* FROM "events" WHERE (name Like '%202%' OR place LIKE '%202%' OR description LIKE '%202%')[0m
Completed 200 OK in 7ms (Views: 1.1ms | ActiveRecord: 0.3ms)


Started GET "/api/events/search.json?query=20" for 127.0.0.1 at 2017-07-13 15:13:32 +0800
Processing by Api::EventsController#search as JSON
  Parameters: {"query"=>"20"}
  [1m[36mEvent Load (0.2ms)[0m  [1m[34mSELECT "events".* FROM "events" WHERE (name Like '%20%' OR place LIKE '%20%' OR description LIKE '%20%')[0m
Completed 200 OK in 5ms (Views: 0.7ms | ActiveRecord: 0.2ms)


Started GET "/api/events/search.json?query=2" for 127.0.0.1 at 2017-07-13 15:13:32 +0800
Processing by Api::EventsController#search as JSON
  Parameters: {"query"=>"2"}
  [1m[36mEvent Load (0.2ms)[0m  [1m[34mSELECT "events".* FROM "events" WHERE (name Like '%2%' OR place LIKE '%2%' OR description LIKE '%2%')[0m
Completed 200 OK in 6ms (Views: 1.4ms | ActiveRecord: 0.2ms)


Started GET "/api/events/search.json?query=" for 127.0.0.1 at 2017-07-13 15:13:32 +0800
Processing by Api::EventsController#search as JSON
  Parameters: {"query"=>""}
  [1m[36mEvent Load (0.2ms)[0m  [1m[34mSELECT "events".* FROM "events" WHERE (name Like '%%' OR place LIKE '%%' OR description LIKE '%%')[0m
Completed 200 OK in 9ms (Views: 4.4ms | ActiveRecord: 0.2ms)


Started GET "/api/events/search.json?query=r" for 127.0.0.1 at 2017-07-13 15:13:34 +0800
Processing by Api::EventsController#search as JSON
  Parameters: {"query"=>"r"}
  [1m[36mEvent Load (0.2ms)[0m  [1m[34mSELECT "events".* FROM "events" WHERE (name Like '%r%' OR place LIKE '%r%' OR description LIKE '%r%')[0m
Completed 200 OK in 9ms (Views: 5.2ms | ActiveRecord: 0.2ms)


Started GET "/api/events/search.json?query=ra" for 127.0.0.1 at 2017-07-13 15:13:34 +0800
Processing by Api::EventsController#search as JSON
  Parameters: {"query"=>"ra"}
  [1m[36mEvent Load (0.4ms)[0m  [1m[34mSELECT "events".* FROM "events" WHERE (name Like '%ra%' OR place LIKE '%ra%' OR description LIKE '%ra%')[0m
Completed 200 OK in 12ms (Views: 5.9ms | ActiveRecord: 0.4ms)


Started GET "/api/events/search.json?query=rab" for 127.0.0.1 at 2017-07-13 15:13:34 +0800
Processing by Api::EventsController#search as JSON
  Parameters: {"query"=>"rab"}
  [1m[36mEvent Load (0.2ms)[0m  [1m[34mSELECT "events".* FROM "events" WHERE (name Like '%rab%' OR place LIKE '%rab%' OR description LIKE '%rab%')[0m
Completed 200 OK in 5ms (Views: 1.1ms | ActiveRecord: 0.2ms)


Started GET "/api/events/search.json?query=rabu" for 127.0.0.1 at 2017-07-13 15:13:34 +0800
Processing by Api::EventsController#search as JSON
  Parameters: {"query"=>"rabu"}
  [1m[36mEvent Load (0.2ms)[0m  [1m[34mSELECT "events".* FROM "events" WHERE (name Like '%rabu%' OR place LIKE '%rabu%' OR description LIKE '%rabu%')[0m
Completed 200 OK in 4ms (Views: 1.0ms | ActiveRecord: 0.2ms)


Started GET "/api/events/search.json?query=rab" for 127.0.0.1 at 2017-07-13 15:13:35 +0800
Processing by Api::EventsController#search as JSON
  Parameters: {"query"=>"rab"}
  [1m[36mEvent Load (0.4ms)[0m  [1m[34mSELECT "events".* FROM "events" WHERE (name Like '%rab%' OR place LIKE '%rab%' OR description LIKE '%rab%')[0m
Completed 200 OK in 7ms (Views: 1.7ms | ActiveRecord: 0.4ms)


Started GET "/api/events/search.json?query=ra" for 127.0.0.1 at 2017-07-13 15:13:35 +0800
Processing by Api::EventsController#search as JSON
  Parameters: {"query"=>"ra"}
  [1m[36mEvent Load (0.3ms)[0m  [1m[34mSELECT "events".* FROM "events" WHERE (name Like '%ra%' OR place LIKE '%ra%' OR description LIKE '%ra%')[0m
Completed 200 OK in 9ms (Views: 3.9ms | ActiveRecord: 0.3ms)


Started GET "/api/events/search.json?query=r" for 127.0.0.1 at 2017-07-13 15:13:36 +0800
Processing by Api::EventsController#search as JSON
  Parameters: {"query"=>"r"}
  [1m[36mEvent Load (0.3ms)[0m  [1m[34mSELECT "events".* FROM "events" WHERE (name Like '%r%' OR place LIKE '%r%' OR description LIKE '%r%')[0m
Completed 200 OK in 9ms (Views: 5.2ms | ActiveRecord: 0.3ms)


Started GET "/api/events/search.json?query=" for 127.0.0.1 at 2017-07-13 15:13:36 +0800
Processing by Api::EventsController#search as JSON
  Parameters: {"query"=>""}
  [1m[36mEvent Load (0.6ms)[0m  [1m[34mSELECT "events".* FROM "events" WHERE (name Like '%%' OR place LIKE '%%' OR description LIKE '%%')[0m
Completed 200 OK in 8ms (Views: 4.2ms | ActiveRecord: 0.6ms)


Started GET "/?name=afiq&place=s&event_date=20-20-2020&description=De" for 127.0.0.1 at 2017-07-13 15:13:38 +0800
Processing by DashboardController#index as HTML
  Parameters: {"name"=>"afiq", "place"=>"s", "event_date"=>"20-20-2020", "description"=>"De"}
  Rendering dashboard/index.html.erb within layouts/application
  Rendered dashboard/index.html.erb within layouts/application (0.8ms)
Completed 200 OK in 24ms (Views: 22.3ms | ActiveRecord: 0.0ms)


Started GET "/api/events.json" for 127.0.0.1 at 2017-07-13 15:13:38 +0800
Processing by Api::EventsController#index as JSON
  [1m[36mEvent Load (0.2ms)[0m  [1m[34mSELECT "events".* FROM "events" ORDER BY name asc[0m
Completed 200 OK in 6ms (Views: 3.3ms | ActiveRecord: 0.2ms)


Started GET "/?name=afiq&place=s&event_date=20-20-2020&description=De" for 127.0.0.1 at 2017-07-13 15:13:39 +0800
Processing by DashboardController#index as HTML
  Parameters: {"name"=>"afiq", "place"=>"s", "event_date"=>"20-20-2020", "description"=>"De"}
  Rendering dashboard/index.html.erb within layouts/application
  Rendered dashboard/index.html.erb within layouts/application (0.8ms)
Completed 200 OK in 29ms (Views: 24.9ms | ActiveRecord: 0.0ms)


Started GET "/api/events.json" for 127.0.0.1 at 2017-07-13 15:13:39 +0800
Processing by Api::EventsController#index as JSON
  [1m[36mEvent Load (0.3ms)[0m  [1m[34mSELECT "events".* FROM "events" ORDER BY name asc[0m
Completed 200 OK in 8ms (Views: 4.4ms | ActiveRecord: 0.2ms)


Started GET "/?name=afiq&place=s&event_date=20-20-2020&description=De" for 127.0.0.1 at 2017-07-13 15:14:12 +0800
Processing by DashboardController#index as HTML
  Parameters: {"name"=>"afiq", "place"=>"s", "event_date"=>"20-20-2020", "description"=>"De"}
  Rendering dashboard/index.html.erb within layouts/application
  Rendered dashboard/index.html.erb within layouts/application (0.5ms)
Completed 200 OK in 21ms (Views: 17.7ms | ActiveRecord: 0.0ms)


Started GET "/api/events.json" for 127.0.0.1 at 2017-07-13 15:14:12 +0800
Processing by Api::EventsController#index as JSON
  [1m[36mEvent Load (0.2ms)[0m  [1m[34mSELECT "events".* FROM "events" ORDER BY name asc[0m
Completed 200 OK in 7ms (Views: 3.1ms | ActiveRecord: 0.2ms)


Started GET "/?name=afiq&place=s&event_date=20-20-2020&description=De" for 127.0.0.1 at 2017-07-13 15:15:01 +0800
Processing by DashboardController#index as HTML
  Parameters: {"name"=>"afiq", "place"=>"s", "event_date"=>"20-20-2020", "description"=>"De"}
  Rendering dashboard/index.html.erb within layouts/application
  Rendered dashboard/index.html.erb within layouts/application (0.6ms)
Completed 200 OK in 22ms (Views: 20.2ms | ActiveRecord: 0.0ms)


Started GET "/api/events.json" for 127.0.0.1 at 2017-07-13 15:15:01 +0800
Processing by Api::EventsController#index as JSON
  [1m[36mEvent Load (0.3ms)[0m  [1m[34mSELECT "events".* FROM "events" ORDER BY name asc[0m
Completed 200 OK in 16ms (Views: 9.4ms | ActiveRecord: 0.7ms)


Started GET "/?name=afiq&place=s&event_date=20-20-2020&description=De" for 127.0.0.1 at 2017-07-13 15:15:02 +0800
Processing by DashboardController#index as HTML
  Parameters: {"name"=>"afiq", "place"=>"s", "event_date"=>"20-20-2020", "description"=>"De"}
  Rendering dashboard/index.html.erb within layouts/application
  Rendered dashboard/index.html.erb within layouts/application (1.0ms)
Completed 200 OK in 27ms (Views: 24.2ms | ActiveRecord: 0.0ms)


Started GET "/api/events.json" for 127.0.0.1 at 2017-07-13 15:15:02 +0800
Processing by Api::EventsController#index as JSON
  [1m[36mEvent Load (0.2ms)[0m  [1m[34mSELECT "events".* FROM "events" ORDER BY name asc[0m
Completed 200 OK in 7ms (Views: 3.5ms | ActiveRecord: 0.2ms)


Started GET "/?name=afiq&place=s&event_date=20-20-2020&description=De" for 127.0.0.1 at 2017-07-13 15:16:02 +0800
Processing by DashboardController#index as HTML
  Parameters: {"name"=>"afiq", "place"=>"s", "event_date"=>"20-20-2020", "description"=>"De"}
  Rendering dashboard/index.html.erb within layouts/application
  Rendered dashboard/index.html.erb within layouts/application (0.7ms)
Completed 200 OK in 23ms (Views: 20.3ms | ActiveRecord: 0.0ms)


Started GET "/api/events.json" for 127.0.0.1 at 2017-07-13 15:16:02 +0800
Processing by Api::EventsController#index as JSON
  [1m[36mEvent Load (0.2ms)[0m  [1m[34mSELECT "events".* FROM "events" ORDER BY name asc[0m
Completed 200 OK in 6ms (Views: 3.2ms | ActiveRecord: 0.2ms)


Started GET "/" for ::1 at 2017-07-13 16:34:50 +0800
  [1m[36mActiveRecord::SchemaMigration Load (0.2ms)[0m  [1m[34mSELECT "schema_migrations".* FROM "schema_migrations"[0m
Processing by DashboardController#index as HTML
  Rendering dashboard/index.html.erb within layouts/application
  Rendered dashboard/index.html.erb within layouts/application (1.1ms)
Completed 200 OK in 655ms (Views: 653.8ms | ActiveRecord: 0.0ms)


Started GET "/api/events.json" for ::1 at 2017-07-13 16:34:52 +0800
Processing by Api::EventsController#index as JSON
  [1m[36mEvent Load (0.2ms)[0m  [1m[34mSELECT "events".* FROM "events" ORDER BY name asc[0m
Completed 200 OK in 18ms (Views: 10.2ms | ActiveRecord: 0.8ms)


Started GET "/api/events.json?order=desc&sort_by=name" for ::1 at 2017-07-13 16:35:12 +0800
Processing by Api::EventsController#index as JSON
  Parameters: {"order"=>"desc", "sort_by"=>"name"}
  [1m[36mEvent Load (0.5ms)[0m  [1m[34mSELECT "events".* FROM "events" ORDER BY name desc[0m
Completed 200 OK in 12ms (Views: 6.2ms | ActiveRecord: 0.5ms)


Started GET "/api/events.json?order=asc&sort_by=name" for ::1 at 2017-07-13 16:35:13 +0800
Processing by Api::EventsController#index as JSON
  Parameters: {"order"=>"asc", "sort_by"=>"name"}
  [1m[36mEvent Load (0.8ms)[0m  [1m[34mSELECT "events".* FROM "events" ORDER BY name asc[0m
Completed 200 OK in 11ms (Views: 5.6ms | ActiveRecord: 0.8ms)


Started DELETE "/api/events/10.json?created_at=2017-07-13T06:52:28.583Z&description=It%27s+sample+event+with+number+10&event_date=2017-07-13&name=Event+10&place=Random+place+number+10&updated_at=2017-07-13T06:52:28.583Z" for ::1 at 2017-07-13 16:35:14 +0800
Processing by Api::EventsController#destroy as JSON
  Parameters: {"created_at"=>"2017-07-13T06:52:28.583Z", "description"=>"It's sample event with number 10", "event_date"=>"2017-07-13", "name"=>"Event 10", "place"=>"Random place number 10", "updated_at"=>"2017-07-13T06:52:28.583Z", "id"=>"10"}
  [1m[36mEvent Load (0.3ms)[0m  [1m[34mSELECT  "events".* FROM "events" WHERE "events"."id" = ? LIMIT ?[0m  [["id", 10], ["LIMIT", 1]]
  [1m[35m (0.1ms)[0m  [1m[36mbegin transaction[0m
  [1m[35mSQL (0.6ms)[0m  [1m[31mDELETE FROM "events" WHERE "events"."id" = ?[0m  [["id", 10]]
  [1m[35m (2.7ms)[0m  [1m[36mcommit transaction[0m
Completed 200 OK in 9ms (ActiveRecord: 3.6ms)


Started GET "/" for ::1 at 2017-07-13 16:44:22 +0800
Processing by DashboardController#index as HTML
  Rendering dashboard/index.html.erb within layouts/application
  Rendered dashboard/index.html.erb within layouts/application (0.9ms)
Completed 200 OK in 227ms (Views: 225.4ms | ActiveRecord: 0.0ms)


Started GET "/api/events.json" for ::1 at 2017-07-13 16:44:23 +0800
Processing by Api::EventsController#index as JSON
  [1m[36mEvent Load (0.3ms)[0m  [1m[34mSELECT "events".* FROM "events" ORDER BY name asc[0m
Completed 200 OK in 10ms (Views: 4.6ms | ActiveRecord: 0.3ms)


Started GET "/" for ::1 at 2017-07-13 16:44:29 +0800
  [1m[36mActiveRecord::SchemaMigration Load (0.2ms)[0m  [1m[34mSELECT "schema_migrations".* FROM "schema_migrations"[0m
Processing by DashboardController#index as HTML
  Rendering dashboard/index.html.erb within layouts/application
  Rendered dashboard/index.html.erb within layouts/application (2.4ms)
Completed 200 OK in 543ms (Views: 541.4ms | ActiveRecord: 0.0ms)


Started GET "/api/events.json" for ::1 at 2017-07-13 16:44:30 +0800
Processing by Api::EventsController#index as JSON
  [1m[36mEvent Load (0.2ms)[0m  [1m[34mSELECT "events".* FROM "events" ORDER BY name asc[0m
Completed 200 OK in 22ms (Views: 14.1ms | ActiveRecord: 1.1ms)


Started GET "/" for ::1 at 2017-07-13 16:45:15 +0800
Processing by DashboardController#index as HTML
  Rendering dashboard/index.html.erb within layouts/application
  Rendered dashboard/index.html.erb within layouts/application (0.8ms)
Completed 200 OK in 25ms (Views: 22.4ms | ActiveRecord: 0.0ms)


Started GET "/api/events.json" for ::1 at 2017-07-13 16:45:15 +0800
Processing by Api::EventsController#index as JSON
  [1m[36mEvent Load (0.2ms)[0m  [1m[34mSELECT "events".* FROM "events" ORDER BY name asc[0m
Completed 200 OK in 6ms (Views: 2.7ms | ActiveRecord: 0.2ms)


Started GET "/" for ::1 at 2017-07-13 16:45:16 +0800
Processing by DashboardController#index as HTML
  Rendering dashboard/index.html.erb within layouts/application
  Rendered dashboard/index.html.erb within layouts/application (0.6ms)
Completed 200 OK in 20ms (Views: 18.7ms | ActiveRecord: 0.0ms)


Started GET "/api/events.json" for ::1 at 2017-07-13 16:45:16 +0800
Processing by Api::EventsController#index as JSON
  [1m[36mEvent Load (0.3ms)[0m  [1m[34mSELECT "events".* FROM "events" ORDER BY name asc[0m
Completed 200 OK in 11ms (Views: 7.0ms | ActiveRecord: 0.3ms)


Started DELETE "/api/events/9.json?created_at=2017-07-13T06:52:28.580Z&description=It%27s+sample+event+with+number+9&event_date=2017-08-13&name=Event+9&place=Random+place+number+9&updated_at=2017-07-13T06:52:28.580Z" for ::1 at 2017-07-13 16:45:17 +0800
Processing by Api::EventsController#destroy as JSON
  Parameters: {"created_at"=>"2017-07-13T06:52:28.580Z", "description"=>"It's sample event with number 9", "event_date"=>"2017-08-13", "name"=>"Event 9", "place"=>"Random place number 9", "updated_at"=>"2017-07-13T06:52:28.580Z", "id"=>"9"}
  [1m[36mEvent Load (0.3ms)[0m  [1m[34mSELECT  "events".* FROM "events" WHERE "events"."id" = ? LIMIT ?[0m  [["id", 9], ["LIMIT", 1]]
  [1m[35m (0.1ms)[0m  [1m[36mbegin transaction[0m
  [1m[35mSQL (0.7ms)[0m  [1m[31mDELETE FROM "events" WHERE "events"."id" = ?[0m  [["id", 9]]
  [1m[35m (3.2ms)[0m  [1m[36mcommit transaction[0m
Completed 200 OK in 13ms (ActiveRecord: 4.3ms)


Started DELETE "/api/events/8.json?created_at=2017-07-13T06:52:28.576Z&description=It%27s+sample+event+with+number+8&event_date=2017-07-13&name=Event+8&place=Random+place+number+8&updated_at=2017-07-13T06:52:28.576Z" for ::1 at 2017-07-13 16:45:18 +0800
Processing by Api::EventsController#destroy as JSON
  Parameters: {"created_at"=>"2017-07-13T06:52:28.576Z", "description"=>"It's sample event with number 8", "event_date"=>"2017-07-13", "name"=>"Event 8", "place"=>"Random place number 8", "updated_at"=>"2017-07-13T06:52:28.576Z", "id"=>"8"}
  [1m[36mEvent Load (0.1ms)[0m  [1m[34mSELECT  "events".* FROM "events" WHERE "events"."id" = ? LIMIT ?[0m  [["id", 8], ["LIMIT", 1]]
  [1m[35m (0.1ms)[0m  [1m[36mbegin transaction[0m
  [1m[35mSQL (0.4ms)[0m  [1m[31mDELETE FROM "events" WHERE "events"."id" = ?[0m  [["id", 8]]
  [1m[35m (0.9ms)[0m  [1m[36mcommit transaction[0m
Completed 200 OK in 4ms (ActiveRecord: 1.5ms)


Started DELETE "/api/events/7.json?created_at=2017-07-13T06:52:28.573Z&description=It%27s+sample+event+with+number+7&event_date=2017-08-13&name=Event+7&place=Random+place+number+7&updated_at=2017-07-13T06:52:28.573Z" for ::1 at 2017-07-13 16:45:19 +0800
Processing by Api::EventsController#destroy as JSON
  Parameters: {"created_at"=>"2017-07-13T06:52:28.573Z", "description"=>"It's sample event with number 7", "event_date"=>"2017-08-13", "name"=>"Event 7", "place"=>"Random place number 7", "updated_at"=>"2017-07-13T06:52:28.573Z", "id"=>"7"}
  [1m[36mEvent Load (0.2ms)[0m  [1m[34mSELECT  "events".* FROM "events" WHERE "events"."id" = ? LIMIT ?[0m  [["id", 7], ["LIMIT", 1]]
  [1m[35m (0.1ms)[0m  [1m[36mbegin transaction[0m
  [1m[35mSQL (0.8ms)[0m  [1m[31mDELETE FROM "events" WHERE "events"."id" = ?[0m  [["id", 7]]
  [1m[35m (2.9ms)[0m  [1m[36mcommit transaction[0m
Completed 200 OK in 8ms (ActiveRecord: 4.0ms)


Started DELETE "/api/events/6.json?created_at=2017-07-13T06:52:28.571Z&description=It%27s+sample+event+with+number+6&event_date=2017-09-13&name=Event+6&place=Random+place+number+6&updated_at=2017-07-13T06:52:28.571Z" for ::1 at 2017-07-13 16:45:20 +0800
Processing by Api::EventsController#destroy as JSON
  Parameters: {"created_at"=>"2017-07-13T06:52:28.571Z", "description"=>"It's sample event with number 6", "event_date"=>"2017-09-13", "name"=>"Event 6", "place"=>"Random place number 6", "updated_at"=>"2017-07-13T06:52:28.571Z", "id"=>"6"}
  [1m[36mEvent Load (0.2ms)[0m  [1m[34mSELECT  "events".* FROM "events" WHERE "events"."id" = ? LIMIT ?[0m  [["id", 6], ["LIMIT", 1]]
  [1m[35m (0.1ms)[0m  [1m[36mbegin transaction[0m
  [1m[35mSQL (0.3ms)[0m  [1m[31mDELETE FROM "events" WHERE "events"."id" = ?[0m  [["id", 6]]
  [1m[35m (2.4ms)[0m  [1m[36mcommit transaction[0m
Completed 200 OK in 6ms (ActiveRecord: 3.0ms)


Started GET "/" for ::1 at 2017-07-13 16:49:12 +0800
Processing by DashboardController#index as HTML
  Rendering dashboard/index.html.erb within layouts/application
  Rendered dashboard/index.html.erb within layouts/application (0.6ms)
Completed 200 OK in 208ms (Views: 206.9ms | ActiveRecord: 0.0ms)


Started GET "/api/events.json" for ::1 at 2017-07-13 16:49:13 +0800
Processing by Api::EventsController#index as JSON
  [1m[36mEvent Load (0.2ms)[0m  [1m[34mSELECT "events".* FROM "events" ORDER BY name asc[0m
Completed 200 OK in 5ms (Views: 2.0ms | ActiveRecord: 0.2ms)


Started GET "/" for ::1 at 2017-07-13 16:49:22 +0800
  [1m[36mActiveRecord::SchemaMigration Load (0.2ms)[0m  [1m[34mSELECT "schema_migrations".* FROM "schema_migrations"[0m
Processing by DashboardController#index as HTML
  Rendering dashboard/index.html.erb within layouts/application
  Rendered dashboard/index.html.erb within layouts/application (1.2ms)
Completed 200 OK in 592ms (Views: 589.8ms | ActiveRecord: 0.0ms)


Started GET "/api/events.json" for ::1 at 2017-07-13 16:49:23 +0800
Processing by Api::EventsController#index as JSON
  [1m[36mEvent Load (0.4ms)[0m  [1m[34mSELECT "events".* FROM "events" ORDER BY name asc[0m
Completed 200 OK in 16ms (Views: 7.5ms | ActiveRecord: 0.9ms)


Started GET "/" for ::1 at 2017-07-13 17:20:43 +0800
  [1m[36mActiveRecord::SchemaMigration Load (0.1ms)[0m  [1m[34mSELECT "schema_migrations".* FROM "schema_migrations"[0m
Processing by DashboardController#index as HTML
  Rendering dashboard/index.html.erb within layouts/application
  Rendered dashboard/index.html.erb within layouts/application (1.4ms)
Completed 200 OK in 420ms (Views: 418.1ms | ActiveRecord: 0.0ms)


Started GET "/api/events.json" for ::1 at 2017-07-13 17:20:44 +0800
Processing by Api::EventsController#index as JSON
  [1m[36mEvent Load (0.3ms)[0m  [1m[34mSELECT "events".* FROM "events" ORDER BY name asc[0m
Completed 200 OK in 17ms (Views: 8.9ms | ActiveRecord: 1.0ms)


